<?xml version="1.0" encoding="UTF-8"?>
<!-- Generated by org.testng.reporters.JUnitReportReporter -->
<testsuite hostname="DESKTOP-QM3HV59" failures="15" tests="15" name="tests.Tests" time="0.015" errors="0" timestamp="4 Jan 2022 09:23:34 GMT">
  <testcase classname="tests.Tests" name="Screen_Select_a_Network" time="0.001">
    <failure message="Unable to create a new remote session. Please check the server log for more details. Original error: An unknown server-side error occurred while processing the command. Original error: Cannot start the &#039;com.edifice.ea2&#039; application. Visit https://github.com/appium/appium/blob/master/docs/en/writing-running-appium/android/activity-startup.md for troubleshooting. Original error: Error executing adbExec. Original error: &#039;Command &#039;C:\\Users\\ivank\\AppData\\Local\\Android\\Sdk\\platform-tools\\adb.exe -P 5037 -s 85fb4fa4 shell am start -W -n &#039;com.edifice.ea2/.MainActivity t79&#039; -S -a android.intent.action.MAIN -c android.intent.category.LAUNCHER -f 0x10200000&#039; exited with code 255&#039;; Stderr: &#039;Security exception: Permission Denial: starting Intent { act=android.intent.action.MAIN cat=[android.intent.category.LAUNCHER] flg=0x10000000 pkg=t79 cmp=com.edifice.ea2/.MainActivity } from null (pid=16910, uid=2000) not exported from uid 10330

java.lang.SecurityException: Permission Denial: starting Intent { act=android.intent.action.MAIN cat=[android.intent.category.LAUNCHER] flg=0x10000000 pkg=t79 cmp=com.edifice.ea2/.MainActivity } from null (pid=16910, uid=2000) not exported from uid 10330
	at com.android.server.am.ActivityStackSupervisor.checkStartAnyActivityPermission(ActivityStackSupervisor.java:1866)
	at com.android.server.am.ActivityStarter.startActivity(ActivityStarter.java:751)
	at com.android.server.am.ActivityStarter.startActivity(ActivityStarter.java:552)
	at com.android.server.am.ActivityStarter.startActivityMayWait(ActivityStarter.java:1214)
	at com.android.server.am.ActivityStarter.execute(ActivityStarter.java:494)
	at com.android.server.am.ActivityManagerService.startActivityAndWait(ActivityManagerService.java:5406)
	at com.android.server.am.ActivityManagerShellCommand.runStartActivity(ActivityManagerShellCommand.java:474)
	at com.android.server.am.ActivityManagerShellCommand.onCommand(ActivityManagerShellCommand.java:161)
	at android.os.ShellCommand.exec(ShellCommand.java:103)
	at com.android.server.am.ActivityManagerService.onShellCommand(ActivityManagerService.java:16469)
	at android.os.Binder.shellCommand(Binder.java:634)
	at android.os.Binder.onTransact(Binder.java:532)
	at android.app.IActivityManager$Stub.onTransact(IActivityManager.java:3538)
	at com.android.server.am.ActivityManagerService.onTransact(ActivityManagerService.java:3351)
	at android.os.Binder.execTransact(Binder.java:733)&#039;; Code: &#039;255&#039;
Build info: version: &#039;3.141.59&#039;, revision: &#039;e82be7d358&#039;, time: &#039;2018-11-14T08:17:03&#039;
System info: host: &#039;DESKTOP-QM3HV59&#039;, ip: &#039;192.168.33.75&#039;, os.name: &#039;Windows 10&#039;, os.arch: &#039;amd64&#039;, os.version: &#039;10.0&#039;, java.version: &#039;17.0.1&#039;
Driver info: driver.version: AndroidDriver
remote stacktrace: UnknownError: An unknown server-side error occurred while processing the command. Original error: Cannot start the &#039;com.edifice.ea2&#039; application. Visit https://github.com/appium/appium/blob/master/docs/en/writing-running-appium/android/activity-startup.md for troubleshooting. Original error: Error executing adbExec. Original error: &#039;Command &#039;C:\\Users\\ivank\\AppData\\Local\\Android\\Sdk\\platform-tools\\adb.exe -P 5037 -s 85fb4fa4 shell am start -W -n &#039;com.edifice.ea2/.MainActivity t79&#039; -S -a android.intent.action.MAIN -c android.intent.category.LAUNCHER -f 0x10200000&#039; exited with code 255&#039;; Stderr: &#039;Security exception: Permission Denial: starting Intent { act=android.intent.action.MAIN cat=[android.intent.category.LAUNCHER] flg=0x10000000 pkg=t79 cmp=com.edifice.ea2/.MainActivity } from null (pid=16910, uid=2000) not exported from uid 10330

java.lang.SecurityException: Permission Denial: starting Intent { act=android.intent.action.MAIN cat=[android.intent.category.LAUNCHER] flg=0x10000000 pkg=t79 cmp=com.edifice.ea2/.MainActivity } from null (pid=16910, uid=2000) not exported from uid 10330
	at com.android.server.am.ActivityStackSupervisor.checkStartAnyActivityPermission(ActivityStackSupervisor.java:1866)
	at com.android.server.am.ActivityStarter.startActivity(ActivityStarter.java:751)
	at com.android.server.am.ActivityStarter.startActivity(ActivityStarter.java:552)
	at com.android.server.am.ActivityStarter.startActivityMayWait(ActivityStarter.java:1214)
	at com.android.server.am.ActivityStarter.execute(ActivityStarter.java:494)
	at com.android.server.am.ActivityManagerService.startActivityAndWait(ActivityManagerService.java:5406)
	at com.android.server.am.ActivityManagerShellCommand.runStartActivity(ActivityManagerShellCommand.java:474)
	at com.android.server.am.ActivityManagerShellCommand.onCommand(ActivityManagerShellCommand.java:161)
	at android.os.ShellCommand.exec(ShellCommand.java:103)
	at com.android.server.am.ActivityManagerService.onShellCommand(ActivityManagerService.java:16469)
	at android.os.Binder.shellCommand(Binder.java:634)
	at android.os.Binder.onTransact(Binder.java:532)
	at android.app.IActivityManager$Stub.onTransact(IActivityManager.java:3538)
	at com.android.server.am.ActivityManagerService.onTransact(ActivityManagerService.java:3351)
	at android.os.Binder.execTransact(Binder.java:733)&#039;; Code: &#039;255&#039;
    at getResponseForW3CError (C:\Program Files\Appium Server GUI\resources\app\node_modules\appium\node_modules\appium-base-driver\lib\protocol\errors.js:804:9)
    at asyncHandler (C:\Program Files\Appium Server GUI\resources\app\node_modules\appium\node_modules\appium-base-driver\lib\protocol\protocol.js:380:37)
Build info: version: &#039;3.141.59&#039;, revision: &#039;e82be7d358&#039;, time: &#039;2018-11-14T08:17:03&#039;
System info: host: &#039;DESKTOP-QM3HV59&#039;, ip: &#039;192.168.33.75&#039;, os.name: &#039;Windows 10&#039;, os.arch: &#039;amd64&#039;, os.version: &#039;10.0&#039;, java.version: &#039;17.0.1&#039;
Driver info: driver.version: AndroidDriver" type="org.openqa.selenium.SessionNotCreatedException">
      <![CDATA[org.openqa.selenium.SessionNotCreatedException: Unable to create a new remote session. Please check the server log for more details. Original error: An unknown server-side error occurred while processing the command. Original error: Cannot start the 'com.edifice.ea2' application. Visit https://github.com/appium/appium/blob/master/docs/en/writing-running-appium/android/activity-startup.md for troubleshooting. Original error: Error executing adbExec. Original error: 'Command 'C:\\Users\\ivank\\AppData\\Local\\Android\\Sdk\\platform-tools\\adb.exe -P 5037 -s 85fb4fa4 shell am start -W -n 'com.edifice.ea2/.MainActivity t79' -S -a android.intent.action.MAIN -c android.intent.category.LAUNCHER -f 0x10200000' exited with code 255'; Stderr: 'Security exception: Permission Denial: starting Intent { act=android.intent.action.MAIN cat=[android.intent.category.LAUNCHER] flg=0x10000000 pkg=t79 cmp=com.edifice.ea2/.MainActivity } from null (pid=16910, uid=2000) not exported from uid 10330

java.lang.SecurityException: Permission Denial: starting Intent { act=android.intent.action.MAIN cat=[android.intent.category.LAUNCHER] flg=0x10000000 pkg=t79 cmp=com.edifice.ea2/.MainActivity } from null (pid=16910, uid=2000) not exported from uid 10330
	at com.android.server.am.ActivityStackSupervisor.checkStartAnyActivityPermission(ActivityStackSupervisor.java:1866)
	at com.android.server.am.ActivityStarter.startActivity(ActivityStarter.java:751)
	at com.android.server.am.ActivityStarter.startActivity(ActivityStarter.java:552)
	at com.android.server.am.ActivityStarter.startActivityMayWait(ActivityStarter.java:1214)
	at com.android.server.am.ActivityStarter.execute(ActivityStarter.java:494)
	at com.android.server.am.ActivityManagerService.startActivityAndWait(ActivityManagerService.java:5406)
	at com.android.server.am.ActivityManagerShellCommand.runStartActivity(ActivityManagerShellCommand.java:474)
	at com.android.server.am.ActivityManagerShellCommand.onCommand(ActivityManagerShellCommand.java:161)
	at android.os.ShellCommand.exec(ShellCommand.java:103)
	at com.android.server.am.ActivityManagerService.onShellCommand(ActivityManagerService.java:16469)
	at android.os.Binder.shellCommand(Binder.java:634)
	at android.os.Binder.onTransact(Binder.java:532)
	at android.app.IActivityManager$Stub.onTransact(IActivityManager.java:3538)
	at com.android.server.am.ActivityManagerService.onTransact(ActivityManagerService.java:3351)
	at android.os.Binder.execTransact(Binder.java:733)'; Code: '255'
Build info: version: '3.141.59', revision: 'e82be7d358', time: '2018-11-14T08:17:03'
System info: host: 'DESKTOP-QM3HV59', ip: '192.168.33.75', os.name: 'Windows 10', os.arch: 'amd64', os.version: '10.0', java.version: '17.0.1'
Driver info: driver.version: AndroidDriver
remote stacktrace: UnknownError: An unknown server-side error occurred while processing the command. Original error: Cannot start the 'com.edifice.ea2' application. Visit https://github.com/appium/appium/blob/master/docs/en/writing-running-appium/android/activity-startup.md for troubleshooting. Original error: Error executing adbExec. Original error: 'Command 'C:\\Users\\ivank\\AppData\\Local\\Android\\Sdk\\platform-tools\\adb.exe -P 5037 -s 85fb4fa4 shell am start -W -n 'com.edifice.ea2/.MainActivity t79' -S -a android.intent.action.MAIN -c android.intent.category.LAUNCHER -f 0x10200000' exited with code 255'; Stderr: 'Security exception: Permission Denial: starting Intent { act=android.intent.action.MAIN cat=[android.intent.category.LAUNCHER] flg=0x10000000 pkg=t79 cmp=com.edifice.ea2/.MainActivity } from null (pid=16910, uid=2000) not exported from uid 10330

java.lang.SecurityException: Permission Denial: starting Intent { act=android.intent.action.MAIN cat=[android.intent.category.LAUNCHER] flg=0x10000000 pkg=t79 cmp=com.edifice.ea2/.MainActivity } from null (pid=16910, uid=2000) not exported from uid 10330
	at com.android.server.am.ActivityStackSupervisor.checkStartAnyActivityPermission(ActivityStackSupervisor.java:1866)
	at com.android.server.am.ActivityStarter.startActivity(ActivityStarter.java:751)
	at com.android.server.am.ActivityStarter.startActivity(ActivityStarter.java:552)
	at com.android.server.am.ActivityStarter.startActivityMayWait(ActivityStarter.java:1214)
	at com.android.server.am.ActivityStarter.execute(ActivityStarter.java:494)
	at com.android.server.am.ActivityManagerService.startActivityAndWait(ActivityManagerService.java:5406)
	at com.android.server.am.ActivityManagerShellCommand.runStartActivity(ActivityManagerShellCommand.java:474)
	at com.android.server.am.ActivityManagerShellCommand.onCommand(ActivityManagerShellCommand.java:161)
	at android.os.ShellCommand.exec(ShellCommand.java:103)
	at com.android.server.am.ActivityManagerService.onShellCommand(ActivityManagerService.java:16469)
	at android.os.Binder.shellCommand(Binder.java:634)
	at android.os.Binder.onTransact(Binder.java:532)
	at android.app.IActivityManager$Stub.onTransact(IActivityManager.java:3538)
	at com.android.server.am.ActivityManagerService.onTransact(ActivityManagerService.java:3351)
	at android.os.Binder.execTransact(Binder.java:733)'; Code: '255'
    at getResponseForW3CError (C:\Program Files\Appium Server GUI\resources\app\node_modules\appium\node_modules\appium-base-driver\lib\protocol\errors.js:804:9)
    at asyncHandler (C:\Program Files\Appium Server GUI\resources\app\node_modules\appium\node_modules\appium-base-driver\lib\protocol\protocol.js:380:37)
Build info: version: '3.141.59', revision: 'e82be7d358', time: '2018-11-14T08:17:03'
System info: host: 'DESKTOP-QM3HV59', ip: '192.168.33.75', os.name: 'Windows 10', os.arch: 'amd64', os.version: '10.0', java.version: '17.0.1'
Driver info: driver.version: AndroidDriver
	at io.appium.java_client.remote.AppiumCommandExecutor$1.createSession(AppiumCommandExecutor.java:208)
	at io.appium.java_client.remote.AppiumCommandExecutor.createSession(AppiumCommandExecutor.java:217)
	at io.appium.java_client.remote.AppiumCommandExecutor.execute(AppiumCommandExecutor.java:239)
	at org.openqa.selenium.remote.RemoteWebDriver.execute(RemoteWebDriver.java:552)
	at io.appium.java_client.DefaultGenericMobileDriver.execute(DefaultGenericMobileDriver.java:41)
	at io.appium.java_client.AppiumDriver.execute(AppiumDriver.java:1)
	at io.appium.java_client.android.AndroidDriver.execute(AndroidDriver.java:1)
	at org.openqa.selenium.remote.RemoteWebDriver.startSession(RemoteWebDriver.java:213)
	at io.appium.java_client.AppiumDriver.startSession(AppiumDriver.java:336)
	at org.openqa.selenium.remote.RemoteWebDriver.<init>(RemoteWebDriver.java:131)
	at io.appium.java_client.DefaultGenericMobileDriver.<init>(DefaultGenericMobileDriver.java:37)
	at io.appium.java_client.AppiumDriver.<init>(AppiumDriver.java:88)
	at io.appium.java_client.AppiumDriver.<init>(AppiumDriver.java:109)
	at io.appium.java_client.AppiumDriver.<init>(AppiumDriver.java:133)
	at io.appium.java_client.android.AndroidDriver.<init>(AndroidDriver.java:172)
	at tests.BaseClass.setup(BaseClass.java:35)
	at java.base/jdk.internal.reflect.NativeMethodAccessorImpl.invoke0(Native Method)
	at java.base/jdk.internal.reflect.NativeMethodAccessorImpl.invoke(NativeMethodAccessorImpl.java:77)
	at java.base/jdk.internal.reflect.DelegatingMethodAccessorImpl.invoke(DelegatingMethodAccessorImpl.java:43)
	at java.base/java.lang.reflect.Method.invoke(Method.java:568)
	at org.testng.internal.MethodInvocationHelper.invokeMethod(MethodInvocationHelper.java:80)
	at org.testng.internal.Invoker.invokeConfigurationMethod(Invoker.java:564)
	at org.testng.internal.Invoker.invokeConfigurations(Invoker.java:213)
	at org.testng.internal.Invoker.invokeConfigurations(Invoker.java:138)
	at org.testng.internal.TestMethodWorker.invokeBeforeClassMethods(TestMethodWorker.java:175)
	at org.testng.internal.TestMethodWorker.run(TestMethodWorker.java:107)
	at org.testng.TestRunner.privateRun(TestRunner.java:767)
	at org.testng.TestRunner.run(TestRunner.java:617)
	at org.testng.SuiteRunner.runTest(SuiteRunner.java:334)
	at org.testng.SuiteRunner.runSequentially(SuiteRunner.java:329)
	at org.testng.SuiteRunner.privateRun(SuiteRunner.java:291)
	at org.testng.SuiteRunner.run(SuiteRunner.java:240)
	at org.testng.SuiteRunnerWorker.runSuite(SuiteRunnerWorker.java:52)
	at org.testng.SuiteRunnerWorker.run(SuiteRunnerWorker.java:86)
	at org.testng.TestNG.runSuitesSequentially(TestNG.java:1198)
	at org.testng.TestNG.runSuitesLocally(TestNG.java:1123)
	at org.testng.TestNG.run(TestNG.java:1031)
	at org.testng.remote.AbstractRemoteTestNG.run(AbstractRemoteTestNG.java:115)
	at org.testng.remote.RemoteTestNG.initAndRun(RemoteTestNG.java:251)
	at org.testng.remote.RemoteTestNG.main(RemoteTestNG.java:77)
Caused by: java.lang.reflect.InvocationTargetException
	at java.base/jdk.internal.reflect.NativeMethodAccessorImpl.invoke0(Native Method)
	at java.base/jdk.internal.reflect.NativeMethodAccessorImpl.invoke(NativeMethodAccessorImpl.java:77)
	at java.base/jdk.internal.reflect.DelegatingMethodAccessorImpl.invoke(DelegatingMethodAccessorImpl.java:43)
	at java.base/java.lang.reflect.Method.invoke(Method.java:568)
	at io.appium.java_client.remote.AppiumCommandExecutor$1.createSession(AppiumCommandExecutor.java:186)
	... 39 more
Caused by: org.openqa.selenium.WebDriverException: An unknown server-side error occurred while processing the command. Original error: Cannot start the 'com.edifice.ea2' application. Visit https://github.com/appium/appium/blob/master/docs/en/writing-running-appium/android/activity-startup.md for troubleshooting. Original error: Error executing adbExec. Original error: 'Command 'C:\\Users\\ivank\\AppData\\Local\\Android\\Sdk\\platform-tools\\adb.exe -P 5037 -s 85fb4fa4 shell am start -W -n 'com.edifice.ea2/.MainActivity t79' -S -a android.intent.action.MAIN -c android.intent.category.LAUNCHER -f 0x10200000' exited with code 255'; Stderr: 'Security exception: Permission Denial: starting Intent { act=android.intent.action.MAIN cat=[android.intent.category.LAUNCHER] flg=0x10000000 pkg=t79 cmp=com.edifice.ea2/.MainActivity } from null (pid=16910, uid=2000) not exported from uid 10330

java.lang.SecurityException: Permission Denial: starting Intent { act=android.intent.action.MAIN cat=[android.intent.category.LAUNCHER] flg=0x10000000 pkg=t79 cmp=com.edifice.ea2/.MainActivity } from null (pid=16910, uid=2000) not exported from uid 10330
	at com.android.server.am.ActivityStackSupervisor.checkStartAnyActivityPermission(ActivityStackSupervisor.java:1866)
	at com.android.server.am.ActivityStarter.startActivity(ActivityStarter.java:751)
	at com.android.server.am.ActivityStarter.startActivity(ActivityStarter.java:552)
	at com.android.server.am.ActivityStarter.startActivityMayWait(ActivityStarter.java:1214)
	at com.android.server.am.ActivityStarter.execute(ActivityStarter.java:494)
	at com.android.server.am.ActivityManagerService.startActivityAndWait(ActivityManagerService.java:5406)
	at com.android.server.am.ActivityManagerShellCommand.runStartActivity(ActivityManagerShellCommand.java:474)
	at com.android.server.am.ActivityManagerShellCommand.onCommand(ActivityManagerShellCommand.java:161)
	at android.os.ShellCommand.exec(ShellCommand.java:103)
	at com.android.server.am.ActivityManagerService.onShellCommand(ActivityManagerService.java:16469)
	at android.os.Binder.shellCommand(Binder.java:634)
	at android.os.Binder.onTransact(Binder.java:532)
	at android.app.IActivityManager$Stub.onTransact(IActivityManager.java:3538)
	at com.android.server.am.ActivityManagerService.onTransact(ActivityManagerService.java:3351)
	at android.os.Binder.execTransact(Binder.java:733)'; Code: '255'
Build info: version: '3.141.59', revision: 'e82be7d358', time: '2018-11-14T08:17:03'
System info: host: 'DESKTOP-QM3HV59', ip: '192.168.33.75', os.name: 'Windows 10', os.arch: 'amd64', os.version: '10.0', java.version: '17.0.1'
Driver info: driver.version: AndroidDriver
remote stacktrace: UnknownError: An unknown server-side error occurred while processing the command. Original error: Cannot start the 'com.edifice.ea2' application. Visit https://github.com/appium/appium/blob/master/docs/en/writing-running-appium/android/activity-startup.md for troubleshooting. Original error: Error executing adbExec. Original error: 'Command 'C:\\Users\\ivank\\AppData\\Local\\Android\\Sdk\\platform-tools\\adb.exe -P 5037 -s 85fb4fa4 shell am start -W -n 'com.edifice.ea2/.MainActivity t79' -S -a android.intent.action.MAIN -c android.intent.category.LAUNCHER -f 0x10200000' exited with code 255'; Stderr: 'Security exception: Permission Denial: starting Intent { act=android.intent.action.MAIN cat=[android.intent.category.LAUNCHER] flg=0x10000000 pkg=t79 cmp=com.edifice.ea2/.MainActivity } from null (pid=16910, uid=2000) not exported from uid 10330

java.lang.SecurityException: Permission Denial: starting Intent { act=android.intent.action.MAIN cat=[android.intent.category.LAUNCHER] flg=0x10000000 pkg=t79 cmp=com.edifice.ea2/.MainActivity } from null (pid=16910, uid=2000) not exported from uid 10330
	at com.android.server.am.ActivityStackSupervisor.checkStartAnyActivityPermission(ActivityStackSupervisor.java:1866)
	at com.android.server.am.ActivityStarter.startActivity(ActivityStarter.java:751)
	at com.android.server.am.ActivityStarter.startActivity(ActivityStarter.java:552)
	at com.android.server.am.ActivityStarter.startActivityMayWait(ActivityStarter.java:1214)
	at com.android.server.am.ActivityStarter.execute(ActivityStarter.java:494)
	at com.android.server.am.ActivityManagerService.startActivityAndWait(ActivityManagerService.java:5406)
	at com.android.server.am.ActivityManagerShellCommand.runStartActivity(ActivityManagerShellCommand.java:474)
	at com.android.server.am.ActivityManagerShellCommand.onCommand(ActivityManagerShellCommand.java:161)
	at android.os.ShellCommand.exec(ShellCommand.java:103)
	at com.android.server.am.ActivityManagerService.onShellCommand(ActivityManagerService.java:16469)
	at android.os.Binder.shellCommand(Binder.java:634)
	at android.os.Binder.onTransact(Binder.java:532)
	at android.app.IActivityManager$Stub.onTransact(IActivityManager.java:3538)
	at com.android.server.am.ActivityManagerService.onTransact(ActivityManagerService.java:3351)
	at android.os.Binder.execTransact(Binder.java:733)'; Code: '255'
    at getResponseForW3CError (C:\Program Files\Appium Server GUI\resources\app\node_modules\appium\node_modules\appium-base-driver\lib\protocol\errors.js:804:9)
    at asyncHandler (C:\Program Files\Appium Server GUI\resources\app\node_modules\appium\node_modules\appium-base-driver\lib\protocol\protocol.js:380:37)
	at java.base/jdk.internal.reflect.NativeConstructorAccessorImpl.newInstance0(Native Method)
	at java.base/jdk.internal.reflect.NativeConstructorAccessorImpl.newInstance(NativeConstructorAccessorImpl.java:77)
	at java.base/jdk.internal.reflect.DelegatingConstructorAccessorImpl.newInstance(DelegatingConstructorAccessorImpl.java:45)
	at java.base/java.lang.reflect.Constructor.newInstanceWithCaller(Constructor.java:499)
	at java.base/java.lang.reflect.Constructor.newInstance(Constructor.java:480)
	at org.openqa.selenium.remote.W3CHandshakeResponse.lambda$errorHandler$0(W3CHandshakeResponse.java:62)
	at org.openqa.selenium.remote.HandshakeResponse.lambda$getResponseFunction$0(HandshakeResponse.java:30)
	at org.openqa.selenium.remote.ProtocolHandshake.lambda$createSession$0(ProtocolHandshake.java:126)
	at java.base/java.util.stream.ReferencePipeline$3$1.accept(ReferencePipeline.java:197)
	at java.base/java.util.Spliterators$ArraySpliterator.tryAdvance(Spliterators.java:1002)
	at java.base/java.util.stream.ReferencePipeline.forEachWithCancel(ReferencePipeline.java:129)
	at java.base/java.util.stream.AbstractPipeline.copyIntoWithCancel(AbstractPipeline.java:527)
	at java.base/java.util.stream.AbstractPipeline.copyInto(AbstractPipeline.java:513)
	at java.base/java.util.stream.AbstractPipeline.wrapAndCopyInto(AbstractPipeline.java:499)
	at java.base/java.util.stream.FindOps$FindOp.evaluateSequential(FindOps.java:150)
	at java.base/java.util.stream.AbstractPipeline.evaluate(AbstractPipeline.java:234)
	at java.base/java.util.stream.ReferencePipeline.findFirst(ReferencePipeline.java:647)
	at org.openqa.selenium.remote.ProtocolHandshake.createSession(ProtocolHandshake.java:128)
	... 44 more
]]>
    </failure>
  </testcase> <!-- Screen_Select_a_Network -->
  <testcase classname="tests.Tests" name="Successful_connection" time="0.001">
    <failure message="Unable to create a new remote session. Please check the server log for more details. Original error: An unknown server-side error occurred while processing the command. Original error: Cannot start the &#039;com.edifice.ea2&#039; application. Visit https://github.com/appium/appium/blob/master/docs/en/writing-running-appium/android/activity-startup.md for troubleshooting. Original error: Error executing adbExec. Original error: &#039;Command &#039;C:\\Users\\ivank\\AppData\\Local\\Android\\Sdk\\platform-tools\\adb.exe -P 5037 -s 85fb4fa4 shell am start -W -n &#039;com.edifice.ea2/.MainActivity t79&#039; -S -a android.intent.action.MAIN -c android.intent.category.LAUNCHER -f 0x10200000&#039; exited with code 255&#039;; Stderr: &#039;Security exception: Permission Denial: starting Intent { act=android.intent.action.MAIN cat=[android.intent.category.LAUNCHER] flg=0x10000000 pkg=t79 cmp=com.edifice.ea2/.MainActivity } from null (pid=16910, uid=2000) not exported from uid 10330

java.lang.SecurityException: Permission Denial: starting Intent { act=android.intent.action.MAIN cat=[android.intent.category.LAUNCHER] flg=0x10000000 pkg=t79 cmp=com.edifice.ea2/.MainActivity } from null (pid=16910, uid=2000) not exported from uid 10330
	at com.android.server.am.ActivityStackSupervisor.checkStartAnyActivityPermission(ActivityStackSupervisor.java:1866)
	at com.android.server.am.ActivityStarter.startActivity(ActivityStarter.java:751)
	at com.android.server.am.ActivityStarter.startActivity(ActivityStarter.java:552)
	at com.android.server.am.ActivityStarter.startActivityMayWait(ActivityStarter.java:1214)
	at com.android.server.am.ActivityStarter.execute(ActivityStarter.java:494)
	at com.android.server.am.ActivityManagerService.startActivityAndWait(ActivityManagerService.java:5406)
	at com.android.server.am.ActivityManagerShellCommand.runStartActivity(ActivityManagerShellCommand.java:474)
	at com.android.server.am.ActivityManagerShellCommand.onCommand(ActivityManagerShellCommand.java:161)
	at android.os.ShellCommand.exec(ShellCommand.java:103)
	at com.android.server.am.ActivityManagerService.onShellCommand(ActivityManagerService.java:16469)
	at android.os.Binder.shellCommand(Binder.java:634)
	at android.os.Binder.onTransact(Binder.java:532)
	at android.app.IActivityManager$Stub.onTransact(IActivityManager.java:3538)
	at com.android.server.am.ActivityManagerService.onTransact(ActivityManagerService.java:3351)
	at android.os.Binder.execTransact(Binder.java:733)&#039;; Code: &#039;255&#039;
Build info: version: &#039;3.141.59&#039;, revision: &#039;e82be7d358&#039;, time: &#039;2018-11-14T08:17:03&#039;
System info: host: &#039;DESKTOP-QM3HV59&#039;, ip: &#039;192.168.33.75&#039;, os.name: &#039;Windows 10&#039;, os.arch: &#039;amd64&#039;, os.version: &#039;10.0&#039;, java.version: &#039;17.0.1&#039;
Driver info: driver.version: AndroidDriver
remote stacktrace: UnknownError: An unknown server-side error occurred while processing the command. Original error: Cannot start the &#039;com.edifice.ea2&#039; application. Visit https://github.com/appium/appium/blob/master/docs/en/writing-running-appium/android/activity-startup.md for troubleshooting. Original error: Error executing adbExec. Original error: &#039;Command &#039;C:\\Users\\ivank\\AppData\\Local\\Android\\Sdk\\platform-tools\\adb.exe -P 5037 -s 85fb4fa4 shell am start -W -n &#039;com.edifice.ea2/.MainActivity t79&#039; -S -a android.intent.action.MAIN -c android.intent.category.LAUNCHER -f 0x10200000&#039; exited with code 255&#039;; Stderr: &#039;Security exception: Permission Denial: starting Intent { act=android.intent.action.MAIN cat=[android.intent.category.LAUNCHER] flg=0x10000000 pkg=t79 cmp=com.edifice.ea2/.MainActivity } from null (pid=16910, uid=2000) not exported from uid 10330

java.lang.SecurityException: Permission Denial: starting Intent { act=android.intent.action.MAIN cat=[android.intent.category.LAUNCHER] flg=0x10000000 pkg=t79 cmp=com.edifice.ea2/.MainActivity } from null (pid=16910, uid=2000) not exported from uid 10330
	at com.android.server.am.ActivityStackSupervisor.checkStartAnyActivityPermission(ActivityStackSupervisor.java:1866)
	at com.android.server.am.ActivityStarter.startActivity(ActivityStarter.java:751)
	at com.android.server.am.ActivityStarter.startActivity(ActivityStarter.java:552)
	at com.android.server.am.ActivityStarter.startActivityMayWait(ActivityStarter.java:1214)
	at com.android.server.am.ActivityStarter.execute(ActivityStarter.java:494)
	at com.android.server.am.ActivityManagerService.startActivityAndWait(ActivityManagerService.java:5406)
	at com.android.server.am.ActivityManagerShellCommand.runStartActivity(ActivityManagerShellCommand.java:474)
	at com.android.server.am.ActivityManagerShellCommand.onCommand(ActivityManagerShellCommand.java:161)
	at android.os.ShellCommand.exec(ShellCommand.java:103)
	at com.android.server.am.ActivityManagerService.onShellCommand(ActivityManagerService.java:16469)
	at android.os.Binder.shellCommand(Binder.java:634)
	at android.os.Binder.onTransact(Binder.java:532)
	at android.app.IActivityManager$Stub.onTransact(IActivityManager.java:3538)
	at com.android.server.am.ActivityManagerService.onTransact(ActivityManagerService.java:3351)
	at android.os.Binder.execTransact(Binder.java:733)&#039;; Code: &#039;255&#039;
    at getResponseForW3CError (C:\Program Files\Appium Server GUI\resources\app\node_modules\appium\node_modules\appium-base-driver\lib\protocol\errors.js:804:9)
    at asyncHandler (C:\Program Files\Appium Server GUI\resources\app\node_modules\appium\node_modules\appium-base-driver\lib\protocol\protocol.js:380:37)
Build info: version: &#039;3.141.59&#039;, revision: &#039;e82be7d358&#039;, time: &#039;2018-11-14T08:17:03&#039;
System info: host: &#039;DESKTOP-QM3HV59&#039;, ip: &#039;192.168.33.75&#039;, os.name: &#039;Windows 10&#039;, os.arch: &#039;amd64&#039;, os.version: &#039;10.0&#039;, java.version: &#039;17.0.1&#039;
Driver info: driver.version: AndroidDriver" type="org.openqa.selenium.SessionNotCreatedException">
      <![CDATA[org.openqa.selenium.SessionNotCreatedException: Unable to create a new remote session. Please check the server log for more details. Original error: An unknown server-side error occurred while processing the command. Original error: Cannot start the 'com.edifice.ea2' application. Visit https://github.com/appium/appium/blob/master/docs/en/writing-running-appium/android/activity-startup.md for troubleshooting. Original error: Error executing adbExec. Original error: 'Command 'C:\\Users\\ivank\\AppData\\Local\\Android\\Sdk\\platform-tools\\adb.exe -P 5037 -s 85fb4fa4 shell am start -W -n 'com.edifice.ea2/.MainActivity t79' -S -a android.intent.action.MAIN -c android.intent.category.LAUNCHER -f 0x10200000' exited with code 255'; Stderr: 'Security exception: Permission Denial: starting Intent { act=android.intent.action.MAIN cat=[android.intent.category.LAUNCHER] flg=0x10000000 pkg=t79 cmp=com.edifice.ea2/.MainActivity } from null (pid=16910, uid=2000) not exported from uid 10330

java.lang.SecurityException: Permission Denial: starting Intent { act=android.intent.action.MAIN cat=[android.intent.category.LAUNCHER] flg=0x10000000 pkg=t79 cmp=com.edifice.ea2/.MainActivity } from null (pid=16910, uid=2000) not exported from uid 10330
	at com.android.server.am.ActivityStackSupervisor.checkStartAnyActivityPermission(ActivityStackSupervisor.java:1866)
	at com.android.server.am.ActivityStarter.startActivity(ActivityStarter.java:751)
	at com.android.server.am.ActivityStarter.startActivity(ActivityStarter.java:552)
	at com.android.server.am.ActivityStarter.startActivityMayWait(ActivityStarter.java:1214)
	at com.android.server.am.ActivityStarter.execute(ActivityStarter.java:494)
	at com.android.server.am.ActivityManagerService.startActivityAndWait(ActivityManagerService.java:5406)
	at com.android.server.am.ActivityManagerShellCommand.runStartActivity(ActivityManagerShellCommand.java:474)
	at com.android.server.am.ActivityManagerShellCommand.onCommand(ActivityManagerShellCommand.java:161)
	at android.os.ShellCommand.exec(ShellCommand.java:103)
	at com.android.server.am.ActivityManagerService.onShellCommand(ActivityManagerService.java:16469)
	at android.os.Binder.shellCommand(Binder.java:634)
	at android.os.Binder.onTransact(Binder.java:532)
	at android.app.IActivityManager$Stub.onTransact(IActivityManager.java:3538)
	at com.android.server.am.ActivityManagerService.onTransact(ActivityManagerService.java:3351)
	at android.os.Binder.execTransact(Binder.java:733)'; Code: '255'
Build info: version: '3.141.59', revision: 'e82be7d358', time: '2018-11-14T08:17:03'
System info: host: 'DESKTOP-QM3HV59', ip: '192.168.33.75', os.name: 'Windows 10', os.arch: 'amd64', os.version: '10.0', java.version: '17.0.1'
Driver info: driver.version: AndroidDriver
remote stacktrace: UnknownError: An unknown server-side error occurred while processing the command. Original error: Cannot start the 'com.edifice.ea2' application. Visit https://github.com/appium/appium/blob/master/docs/en/writing-running-appium/android/activity-startup.md for troubleshooting. Original error: Error executing adbExec. Original error: 'Command 'C:\\Users\\ivank\\AppData\\Local\\Android\\Sdk\\platform-tools\\adb.exe -P 5037 -s 85fb4fa4 shell am start -W -n 'com.edifice.ea2/.MainActivity t79' -S -a android.intent.action.MAIN -c android.intent.category.LAUNCHER -f 0x10200000' exited with code 255'; Stderr: 'Security exception: Permission Denial: starting Intent { act=android.intent.action.MAIN cat=[android.intent.category.LAUNCHER] flg=0x10000000 pkg=t79 cmp=com.edifice.ea2/.MainActivity } from null (pid=16910, uid=2000) not exported from uid 10330

java.lang.SecurityException: Permission Denial: starting Intent { act=android.intent.action.MAIN cat=[android.intent.category.LAUNCHER] flg=0x10000000 pkg=t79 cmp=com.edifice.ea2/.MainActivity } from null (pid=16910, uid=2000) not exported from uid 10330
	at com.android.server.am.ActivityStackSupervisor.checkStartAnyActivityPermission(ActivityStackSupervisor.java:1866)
	at com.android.server.am.ActivityStarter.startActivity(ActivityStarter.java:751)
	at com.android.server.am.ActivityStarter.startActivity(ActivityStarter.java:552)
	at com.android.server.am.ActivityStarter.startActivityMayWait(ActivityStarter.java:1214)
	at com.android.server.am.ActivityStarter.execute(ActivityStarter.java:494)
	at com.android.server.am.ActivityManagerService.startActivityAndWait(ActivityManagerService.java:5406)
	at com.android.server.am.ActivityManagerShellCommand.runStartActivity(ActivityManagerShellCommand.java:474)
	at com.android.server.am.ActivityManagerShellCommand.onCommand(ActivityManagerShellCommand.java:161)
	at android.os.ShellCommand.exec(ShellCommand.java:103)
	at com.android.server.am.ActivityManagerService.onShellCommand(ActivityManagerService.java:16469)
	at android.os.Binder.shellCommand(Binder.java:634)
	at android.os.Binder.onTransact(Binder.java:532)
	at android.app.IActivityManager$Stub.onTransact(IActivityManager.java:3538)
	at com.android.server.am.ActivityManagerService.onTransact(ActivityManagerService.java:3351)
	at android.os.Binder.execTransact(Binder.java:733)'; Code: '255'
    at getResponseForW3CError (C:\Program Files\Appium Server GUI\resources\app\node_modules\appium\node_modules\appium-base-driver\lib\protocol\errors.js:804:9)
    at asyncHandler (C:\Program Files\Appium Server GUI\resources\app\node_modules\appium\node_modules\appium-base-driver\lib\protocol\protocol.js:380:37)
Build info: version: '3.141.59', revision: 'e82be7d358', time: '2018-11-14T08:17:03'
System info: host: 'DESKTOP-QM3HV59', ip: '192.168.33.75', os.name: 'Windows 10', os.arch: 'amd64', os.version: '10.0', java.version: '17.0.1'
Driver info: driver.version: AndroidDriver
	at io.appium.java_client.remote.AppiumCommandExecutor$1.createSession(AppiumCommandExecutor.java:208)
	at io.appium.java_client.remote.AppiumCommandExecutor.createSession(AppiumCommandExecutor.java:217)
	at io.appium.java_client.remote.AppiumCommandExecutor.execute(AppiumCommandExecutor.java:239)
	at org.openqa.selenium.remote.RemoteWebDriver.execute(RemoteWebDriver.java:552)
	at io.appium.java_client.DefaultGenericMobileDriver.execute(DefaultGenericMobileDriver.java:41)
	at io.appium.java_client.AppiumDriver.execute(AppiumDriver.java:1)
	at io.appium.java_client.android.AndroidDriver.execute(AndroidDriver.java:1)
	at org.openqa.selenium.remote.RemoteWebDriver.startSession(RemoteWebDriver.java:213)
	at io.appium.java_client.AppiumDriver.startSession(AppiumDriver.java:336)
	at org.openqa.selenium.remote.RemoteWebDriver.<init>(RemoteWebDriver.java:131)
	at io.appium.java_client.DefaultGenericMobileDriver.<init>(DefaultGenericMobileDriver.java:37)
	at io.appium.java_client.AppiumDriver.<init>(AppiumDriver.java:88)
	at io.appium.java_client.AppiumDriver.<init>(AppiumDriver.java:109)
	at io.appium.java_client.AppiumDriver.<init>(AppiumDriver.java:133)
	at io.appium.java_client.android.AndroidDriver.<init>(AndroidDriver.java:172)
	at tests.BaseClass.setup(BaseClass.java:35)
	at java.base/jdk.internal.reflect.NativeMethodAccessorImpl.invoke0(Native Method)
	at java.base/jdk.internal.reflect.NativeMethodAccessorImpl.invoke(NativeMethodAccessorImpl.java:77)
	at java.base/jdk.internal.reflect.DelegatingMethodAccessorImpl.invoke(DelegatingMethodAccessorImpl.java:43)
	at java.base/java.lang.reflect.Method.invoke(Method.java:568)
	at org.testng.internal.MethodInvocationHelper.invokeMethod(MethodInvocationHelper.java:80)
	at org.testng.internal.Invoker.invokeConfigurationMethod(Invoker.java:564)
	at org.testng.internal.Invoker.invokeConfigurations(Invoker.java:213)
	at org.testng.internal.Invoker.invokeConfigurations(Invoker.java:138)
	at org.testng.internal.TestMethodWorker.invokeBeforeClassMethods(TestMethodWorker.java:175)
	at org.testng.internal.TestMethodWorker.run(TestMethodWorker.java:107)
	at org.testng.TestRunner.privateRun(TestRunner.java:767)
	at org.testng.TestRunner.run(TestRunner.java:617)
	at org.testng.SuiteRunner.runTest(SuiteRunner.java:334)
	at org.testng.SuiteRunner.runSequentially(SuiteRunner.java:329)
	at org.testng.SuiteRunner.privateRun(SuiteRunner.java:291)
	at org.testng.SuiteRunner.run(SuiteRunner.java:240)
	at org.testng.SuiteRunnerWorker.runSuite(SuiteRunnerWorker.java:52)
	at org.testng.SuiteRunnerWorker.run(SuiteRunnerWorker.java:86)
	at org.testng.TestNG.runSuitesSequentially(TestNG.java:1198)
	at org.testng.TestNG.runSuitesLocally(TestNG.java:1123)
	at org.testng.TestNG.run(TestNG.java:1031)
	at org.testng.remote.AbstractRemoteTestNG.run(AbstractRemoteTestNG.java:115)
	at org.testng.remote.RemoteTestNG.initAndRun(RemoteTestNG.java:251)
	at org.testng.remote.RemoteTestNG.main(RemoteTestNG.java:77)
Caused by: java.lang.reflect.InvocationTargetException
	at java.base/jdk.internal.reflect.NativeMethodAccessorImpl.invoke0(Native Method)
	at java.base/jdk.internal.reflect.NativeMethodAccessorImpl.invoke(NativeMethodAccessorImpl.java:77)
	at java.base/jdk.internal.reflect.DelegatingMethodAccessorImpl.invoke(DelegatingMethodAccessorImpl.java:43)
	at java.base/java.lang.reflect.Method.invoke(Method.java:568)
	at io.appium.java_client.remote.AppiumCommandExecutor$1.createSession(AppiumCommandExecutor.java:186)
	... 39 more
Caused by: org.openqa.selenium.WebDriverException: An unknown server-side error occurred while processing the command. Original error: Cannot start the 'com.edifice.ea2' application. Visit https://github.com/appium/appium/blob/master/docs/en/writing-running-appium/android/activity-startup.md for troubleshooting. Original error: Error executing adbExec. Original error: 'Command 'C:\\Users\\ivank\\AppData\\Local\\Android\\Sdk\\platform-tools\\adb.exe -P 5037 -s 85fb4fa4 shell am start -W -n 'com.edifice.ea2/.MainActivity t79' -S -a android.intent.action.MAIN -c android.intent.category.LAUNCHER -f 0x10200000' exited with code 255'; Stderr: 'Security exception: Permission Denial: starting Intent { act=android.intent.action.MAIN cat=[android.intent.category.LAUNCHER] flg=0x10000000 pkg=t79 cmp=com.edifice.ea2/.MainActivity } from null (pid=16910, uid=2000) not exported from uid 10330

java.lang.SecurityException: Permission Denial: starting Intent { act=android.intent.action.MAIN cat=[android.intent.category.LAUNCHER] flg=0x10000000 pkg=t79 cmp=com.edifice.ea2/.MainActivity } from null (pid=16910, uid=2000) not exported from uid 10330
	at com.android.server.am.ActivityStackSupervisor.checkStartAnyActivityPermission(ActivityStackSupervisor.java:1866)
	at com.android.server.am.ActivityStarter.startActivity(ActivityStarter.java:751)
	at com.android.server.am.ActivityStarter.startActivity(ActivityStarter.java:552)
	at com.android.server.am.ActivityStarter.startActivityMayWait(ActivityStarter.java:1214)
	at com.android.server.am.ActivityStarter.execute(ActivityStarter.java:494)
	at com.android.server.am.ActivityManagerService.startActivityAndWait(ActivityManagerService.java:5406)
	at com.android.server.am.ActivityManagerShellCommand.runStartActivity(ActivityManagerShellCommand.java:474)
	at com.android.server.am.ActivityManagerShellCommand.onCommand(ActivityManagerShellCommand.java:161)
	at android.os.ShellCommand.exec(ShellCommand.java:103)
	at com.android.server.am.ActivityManagerService.onShellCommand(ActivityManagerService.java:16469)
	at android.os.Binder.shellCommand(Binder.java:634)
	at android.os.Binder.onTransact(Binder.java:532)
	at android.app.IActivityManager$Stub.onTransact(IActivityManager.java:3538)
	at com.android.server.am.ActivityManagerService.onTransact(ActivityManagerService.java:3351)
	at android.os.Binder.execTransact(Binder.java:733)'; Code: '255'
Build info: version: '3.141.59', revision: 'e82be7d358', time: '2018-11-14T08:17:03'
System info: host: 'DESKTOP-QM3HV59', ip: '192.168.33.75', os.name: 'Windows 10', os.arch: 'amd64', os.version: '10.0', java.version: '17.0.1'
Driver info: driver.version: AndroidDriver
remote stacktrace: UnknownError: An unknown server-side error occurred while processing the command. Original error: Cannot start the 'com.edifice.ea2' application. Visit https://github.com/appium/appium/blob/master/docs/en/writing-running-appium/android/activity-startup.md for troubleshooting. Original error: Error executing adbExec. Original error: 'Command 'C:\\Users\\ivank\\AppData\\Local\\Android\\Sdk\\platform-tools\\adb.exe -P 5037 -s 85fb4fa4 shell am start -W -n 'com.edifice.ea2/.MainActivity t79' -S -a android.intent.action.MAIN -c android.intent.category.LAUNCHER -f 0x10200000' exited with code 255'; Stderr: 'Security exception: Permission Denial: starting Intent { act=android.intent.action.MAIN cat=[android.intent.category.LAUNCHER] flg=0x10000000 pkg=t79 cmp=com.edifice.ea2/.MainActivity } from null (pid=16910, uid=2000) not exported from uid 10330

java.lang.SecurityException: Permission Denial: starting Intent { act=android.intent.action.MAIN cat=[android.intent.category.LAUNCHER] flg=0x10000000 pkg=t79 cmp=com.edifice.ea2/.MainActivity } from null (pid=16910, uid=2000) not exported from uid 10330
	at com.android.server.am.ActivityStackSupervisor.checkStartAnyActivityPermission(ActivityStackSupervisor.java:1866)
	at com.android.server.am.ActivityStarter.startActivity(ActivityStarter.java:751)
	at com.android.server.am.ActivityStarter.startActivity(ActivityStarter.java:552)
	at com.android.server.am.ActivityStarter.startActivityMayWait(ActivityStarter.java:1214)
	at com.android.server.am.ActivityStarter.execute(ActivityStarter.java:494)
	at com.android.server.am.ActivityManagerService.startActivityAndWait(ActivityManagerService.java:5406)
	at com.android.server.am.ActivityManagerShellCommand.runStartActivity(ActivityManagerShellCommand.java:474)
	at com.android.server.am.ActivityManagerShellCommand.onCommand(ActivityManagerShellCommand.java:161)
	at android.os.ShellCommand.exec(ShellCommand.java:103)
	at com.android.server.am.ActivityManagerService.onShellCommand(ActivityManagerService.java:16469)
	at android.os.Binder.shellCommand(Binder.java:634)
	at android.os.Binder.onTransact(Binder.java:532)
	at android.app.IActivityManager$Stub.onTransact(IActivityManager.java:3538)
	at com.android.server.am.ActivityManagerService.onTransact(ActivityManagerService.java:3351)
	at android.os.Binder.execTransact(Binder.java:733)'; Code: '255'
    at getResponseForW3CError (C:\Program Files\Appium Server GUI\resources\app\node_modules\appium\node_modules\appium-base-driver\lib\protocol\errors.js:804:9)
    at asyncHandler (C:\Program Files\Appium Server GUI\resources\app\node_modules\appium\node_modules\appium-base-driver\lib\protocol\protocol.js:380:37)
	at java.base/jdk.internal.reflect.NativeConstructorAccessorImpl.newInstance0(Native Method)
	at java.base/jdk.internal.reflect.NativeConstructorAccessorImpl.newInstance(NativeConstructorAccessorImpl.java:77)
	at java.base/jdk.internal.reflect.DelegatingConstructorAccessorImpl.newInstance(DelegatingConstructorAccessorImpl.java:45)
	at java.base/java.lang.reflect.Constructor.newInstanceWithCaller(Constructor.java:499)
	at java.base/java.lang.reflect.Constructor.newInstance(Constructor.java:480)
	at org.openqa.selenium.remote.W3CHandshakeResponse.lambda$errorHandler$0(W3CHandshakeResponse.java:62)
	at org.openqa.selenium.remote.HandshakeResponse.lambda$getResponseFunction$0(HandshakeResponse.java:30)
	at org.openqa.selenium.remote.ProtocolHandshake.lambda$createSession$0(ProtocolHandshake.java:126)
	at java.base/java.util.stream.ReferencePipeline$3$1.accept(ReferencePipeline.java:197)
	at java.base/java.util.Spliterators$ArraySpliterator.tryAdvance(Spliterators.java:1002)
	at java.base/java.util.stream.ReferencePipeline.forEachWithCancel(ReferencePipeline.java:129)
	at java.base/java.util.stream.AbstractPipeline.copyIntoWithCancel(AbstractPipeline.java:527)
	at java.base/java.util.stream.AbstractPipeline.copyInto(AbstractPipeline.java:513)
	at java.base/java.util.stream.AbstractPipeline.wrapAndCopyInto(AbstractPipeline.java:499)
	at java.base/java.util.stream.FindOps$FindOp.evaluateSequential(FindOps.java:150)
	at java.base/java.util.stream.AbstractPipeline.evaluate(AbstractPipeline.java:234)
	at java.base/java.util.stream.ReferencePipeline.findFirst(ReferencePipeline.java:647)
	at org.openqa.selenium.remote.ProtocolHandshake.createSession(ProtocolHandshake.java:128)
	... 44 more
]]>
    </failure>
  </testcase> <!-- Successful_connection -->
  <testcase classname="tests.Tests" name="Button_Quit_Screen_Select_Network" time="0.002">
    <failure message="Unable to create a new remote session. Please check the server log for more details. Original error: An unknown server-side error occurred while processing the command. Original error: Cannot start the &#039;com.edifice.ea2&#039; application. Visit https://github.com/appium/appium/blob/master/docs/en/writing-running-appium/android/activity-startup.md for troubleshooting. Original error: Error executing adbExec. Original error: &#039;Command &#039;C:\\Users\\ivank\\AppData\\Local\\Android\\Sdk\\platform-tools\\adb.exe -P 5037 -s 85fb4fa4 shell am start -W -n &#039;com.edifice.ea2/.MainActivity t79&#039; -S -a android.intent.action.MAIN -c android.intent.category.LAUNCHER -f 0x10200000&#039; exited with code 255&#039;; Stderr: &#039;Security exception: Permission Denial: starting Intent { act=android.intent.action.MAIN cat=[android.intent.category.LAUNCHER] flg=0x10000000 pkg=t79 cmp=com.edifice.ea2/.MainActivity } from null (pid=16910, uid=2000) not exported from uid 10330

java.lang.SecurityException: Permission Denial: starting Intent { act=android.intent.action.MAIN cat=[android.intent.category.LAUNCHER] flg=0x10000000 pkg=t79 cmp=com.edifice.ea2/.MainActivity } from null (pid=16910, uid=2000) not exported from uid 10330
	at com.android.server.am.ActivityStackSupervisor.checkStartAnyActivityPermission(ActivityStackSupervisor.java:1866)
	at com.android.server.am.ActivityStarter.startActivity(ActivityStarter.java:751)
	at com.android.server.am.ActivityStarter.startActivity(ActivityStarter.java:552)
	at com.android.server.am.ActivityStarter.startActivityMayWait(ActivityStarter.java:1214)
	at com.android.server.am.ActivityStarter.execute(ActivityStarter.java:494)
	at com.android.server.am.ActivityManagerService.startActivityAndWait(ActivityManagerService.java:5406)
	at com.android.server.am.ActivityManagerShellCommand.runStartActivity(ActivityManagerShellCommand.java:474)
	at com.android.server.am.ActivityManagerShellCommand.onCommand(ActivityManagerShellCommand.java:161)
	at android.os.ShellCommand.exec(ShellCommand.java:103)
	at com.android.server.am.ActivityManagerService.onShellCommand(ActivityManagerService.java:16469)
	at android.os.Binder.shellCommand(Binder.java:634)
	at android.os.Binder.onTransact(Binder.java:532)
	at android.app.IActivityManager$Stub.onTransact(IActivityManager.java:3538)
	at com.android.server.am.ActivityManagerService.onTransact(ActivityManagerService.java:3351)
	at android.os.Binder.execTransact(Binder.java:733)&#039;; Code: &#039;255&#039;
Build info: version: &#039;3.141.59&#039;, revision: &#039;e82be7d358&#039;, time: &#039;2018-11-14T08:17:03&#039;
System info: host: &#039;DESKTOP-QM3HV59&#039;, ip: &#039;192.168.33.75&#039;, os.name: &#039;Windows 10&#039;, os.arch: &#039;amd64&#039;, os.version: &#039;10.0&#039;, java.version: &#039;17.0.1&#039;
Driver info: driver.version: AndroidDriver
remote stacktrace: UnknownError: An unknown server-side error occurred while processing the command. Original error: Cannot start the &#039;com.edifice.ea2&#039; application. Visit https://github.com/appium/appium/blob/master/docs/en/writing-running-appium/android/activity-startup.md for troubleshooting. Original error: Error executing adbExec. Original error: &#039;Command &#039;C:\\Users\\ivank\\AppData\\Local\\Android\\Sdk\\platform-tools\\adb.exe -P 5037 -s 85fb4fa4 shell am start -W -n &#039;com.edifice.ea2/.MainActivity t79&#039; -S -a android.intent.action.MAIN -c android.intent.category.LAUNCHER -f 0x10200000&#039; exited with code 255&#039;; Stderr: &#039;Security exception: Permission Denial: starting Intent { act=android.intent.action.MAIN cat=[android.intent.category.LAUNCHER] flg=0x10000000 pkg=t79 cmp=com.edifice.ea2/.MainActivity } from null (pid=16910, uid=2000) not exported from uid 10330

java.lang.SecurityException: Permission Denial: starting Intent { act=android.intent.action.MAIN cat=[android.intent.category.LAUNCHER] flg=0x10000000 pkg=t79 cmp=com.edifice.ea2/.MainActivity } from null (pid=16910, uid=2000) not exported from uid 10330
	at com.android.server.am.ActivityStackSupervisor.checkStartAnyActivityPermission(ActivityStackSupervisor.java:1866)
	at com.android.server.am.ActivityStarter.startActivity(ActivityStarter.java:751)
	at com.android.server.am.ActivityStarter.startActivity(ActivityStarter.java:552)
	at com.android.server.am.ActivityStarter.startActivityMayWait(ActivityStarter.java:1214)
	at com.android.server.am.ActivityStarter.execute(ActivityStarter.java:494)
	at com.android.server.am.ActivityManagerService.startActivityAndWait(ActivityManagerService.java:5406)
	at com.android.server.am.ActivityManagerShellCommand.runStartActivity(ActivityManagerShellCommand.java:474)
	at com.android.server.am.ActivityManagerShellCommand.onCommand(ActivityManagerShellCommand.java:161)
	at android.os.ShellCommand.exec(ShellCommand.java:103)
	at com.android.server.am.ActivityManagerService.onShellCommand(ActivityManagerService.java:16469)
	at android.os.Binder.shellCommand(Binder.java:634)
	at android.os.Binder.onTransact(Binder.java:532)
	at android.app.IActivityManager$Stub.onTransact(IActivityManager.java:3538)
	at com.android.server.am.ActivityManagerService.onTransact(ActivityManagerService.java:3351)
	at android.os.Binder.execTransact(Binder.java:733)&#039;; Code: &#039;255&#039;
    at getResponseForW3CError (C:\Program Files\Appium Server GUI\resources\app\node_modules\appium\node_modules\appium-base-driver\lib\protocol\errors.js:804:9)
    at asyncHandler (C:\Program Files\Appium Server GUI\resources\app\node_modules\appium\node_modules\appium-base-driver\lib\protocol\protocol.js:380:37)
Build info: version: &#039;3.141.59&#039;, revision: &#039;e82be7d358&#039;, time: &#039;2018-11-14T08:17:03&#039;
System info: host: &#039;DESKTOP-QM3HV59&#039;, ip: &#039;192.168.33.75&#039;, os.name: &#039;Windows 10&#039;, os.arch: &#039;amd64&#039;, os.version: &#039;10.0&#039;, java.version: &#039;17.0.1&#039;
Driver info: driver.version: AndroidDriver" type="org.openqa.selenium.SessionNotCreatedException">
      <![CDATA[org.openqa.selenium.SessionNotCreatedException: Unable to create a new remote session. Please check the server log for more details. Original error: An unknown server-side error occurred while processing the command. Original error: Cannot start the 'com.edifice.ea2' application. Visit https://github.com/appium/appium/blob/master/docs/en/writing-running-appium/android/activity-startup.md for troubleshooting. Original error: Error executing adbExec. Original error: 'Command 'C:\\Users\\ivank\\AppData\\Local\\Android\\Sdk\\platform-tools\\adb.exe -P 5037 -s 85fb4fa4 shell am start -W -n 'com.edifice.ea2/.MainActivity t79' -S -a android.intent.action.MAIN -c android.intent.category.LAUNCHER -f 0x10200000' exited with code 255'; Stderr: 'Security exception: Permission Denial: starting Intent { act=android.intent.action.MAIN cat=[android.intent.category.LAUNCHER] flg=0x10000000 pkg=t79 cmp=com.edifice.ea2/.MainActivity } from null (pid=16910, uid=2000) not exported from uid 10330

java.lang.SecurityException: Permission Denial: starting Intent { act=android.intent.action.MAIN cat=[android.intent.category.LAUNCHER] flg=0x10000000 pkg=t79 cmp=com.edifice.ea2/.MainActivity } from null (pid=16910, uid=2000) not exported from uid 10330
	at com.android.server.am.ActivityStackSupervisor.checkStartAnyActivityPermission(ActivityStackSupervisor.java:1866)
	at com.android.server.am.ActivityStarter.startActivity(ActivityStarter.java:751)
	at com.android.server.am.ActivityStarter.startActivity(ActivityStarter.java:552)
	at com.android.server.am.ActivityStarter.startActivityMayWait(ActivityStarter.java:1214)
	at com.android.server.am.ActivityStarter.execute(ActivityStarter.java:494)
	at com.android.server.am.ActivityManagerService.startActivityAndWait(ActivityManagerService.java:5406)
	at com.android.server.am.ActivityManagerShellCommand.runStartActivity(ActivityManagerShellCommand.java:474)
	at com.android.server.am.ActivityManagerShellCommand.onCommand(ActivityManagerShellCommand.java:161)
	at android.os.ShellCommand.exec(ShellCommand.java:103)
	at com.android.server.am.ActivityManagerService.onShellCommand(ActivityManagerService.java:16469)
	at android.os.Binder.shellCommand(Binder.java:634)
	at android.os.Binder.onTransact(Binder.java:532)
	at android.app.IActivityManager$Stub.onTransact(IActivityManager.java:3538)
	at com.android.server.am.ActivityManagerService.onTransact(ActivityManagerService.java:3351)
	at android.os.Binder.execTransact(Binder.java:733)'; Code: '255'
Build info: version: '3.141.59', revision: 'e82be7d358', time: '2018-11-14T08:17:03'
System info: host: 'DESKTOP-QM3HV59', ip: '192.168.33.75', os.name: 'Windows 10', os.arch: 'amd64', os.version: '10.0', java.version: '17.0.1'
Driver info: driver.version: AndroidDriver
remote stacktrace: UnknownError: An unknown server-side error occurred while processing the command. Original error: Cannot start the 'com.edifice.ea2' application. Visit https://github.com/appium/appium/blob/master/docs/en/writing-running-appium/android/activity-startup.md for troubleshooting. Original error: Error executing adbExec. Original error: 'Command 'C:\\Users\\ivank\\AppData\\Local\\Android\\Sdk\\platform-tools\\adb.exe -P 5037 -s 85fb4fa4 shell am start -W -n 'com.edifice.ea2/.MainActivity t79' -S -a android.intent.action.MAIN -c android.intent.category.LAUNCHER -f 0x10200000' exited with code 255'; Stderr: 'Security exception: Permission Denial: starting Intent { act=android.intent.action.MAIN cat=[android.intent.category.LAUNCHER] flg=0x10000000 pkg=t79 cmp=com.edifice.ea2/.MainActivity } from null (pid=16910, uid=2000) not exported from uid 10330

java.lang.SecurityException: Permission Denial: starting Intent { act=android.intent.action.MAIN cat=[android.intent.category.LAUNCHER] flg=0x10000000 pkg=t79 cmp=com.edifice.ea2/.MainActivity } from null (pid=16910, uid=2000) not exported from uid 10330
	at com.android.server.am.ActivityStackSupervisor.checkStartAnyActivityPermission(ActivityStackSupervisor.java:1866)
	at com.android.server.am.ActivityStarter.startActivity(ActivityStarter.java:751)
	at com.android.server.am.ActivityStarter.startActivity(ActivityStarter.java:552)
	at com.android.server.am.ActivityStarter.startActivityMayWait(ActivityStarter.java:1214)
	at com.android.server.am.ActivityStarter.execute(ActivityStarter.java:494)
	at com.android.server.am.ActivityManagerService.startActivityAndWait(ActivityManagerService.java:5406)
	at com.android.server.am.ActivityManagerShellCommand.runStartActivity(ActivityManagerShellCommand.java:474)
	at com.android.server.am.ActivityManagerShellCommand.onCommand(ActivityManagerShellCommand.java:161)
	at android.os.ShellCommand.exec(ShellCommand.java:103)
	at com.android.server.am.ActivityManagerService.onShellCommand(ActivityManagerService.java:16469)
	at android.os.Binder.shellCommand(Binder.java:634)
	at android.os.Binder.onTransact(Binder.java:532)
	at android.app.IActivityManager$Stub.onTransact(IActivityManager.java:3538)
	at com.android.server.am.ActivityManagerService.onTransact(ActivityManagerService.java:3351)
	at android.os.Binder.execTransact(Binder.java:733)'; Code: '255'
    at getResponseForW3CError (C:\Program Files\Appium Server GUI\resources\app\node_modules\appium\node_modules\appium-base-driver\lib\protocol\errors.js:804:9)
    at asyncHandler (C:\Program Files\Appium Server GUI\resources\app\node_modules\appium\node_modules\appium-base-driver\lib\protocol\protocol.js:380:37)
Build info: version: '3.141.59', revision: 'e82be7d358', time: '2018-11-14T08:17:03'
System info: host: 'DESKTOP-QM3HV59', ip: '192.168.33.75', os.name: 'Windows 10', os.arch: 'amd64', os.version: '10.0', java.version: '17.0.1'
Driver info: driver.version: AndroidDriver
	at io.appium.java_client.remote.AppiumCommandExecutor$1.createSession(AppiumCommandExecutor.java:208)
	at io.appium.java_client.remote.AppiumCommandExecutor.createSession(AppiumCommandExecutor.java:217)
	at io.appium.java_client.remote.AppiumCommandExecutor.execute(AppiumCommandExecutor.java:239)
	at org.openqa.selenium.remote.RemoteWebDriver.execute(RemoteWebDriver.java:552)
	at io.appium.java_client.DefaultGenericMobileDriver.execute(DefaultGenericMobileDriver.java:41)
	at io.appium.java_client.AppiumDriver.execute(AppiumDriver.java:1)
	at io.appium.java_client.android.AndroidDriver.execute(AndroidDriver.java:1)
	at org.openqa.selenium.remote.RemoteWebDriver.startSession(RemoteWebDriver.java:213)
	at io.appium.java_client.AppiumDriver.startSession(AppiumDriver.java:336)
	at org.openqa.selenium.remote.RemoteWebDriver.<init>(RemoteWebDriver.java:131)
	at io.appium.java_client.DefaultGenericMobileDriver.<init>(DefaultGenericMobileDriver.java:37)
	at io.appium.java_client.AppiumDriver.<init>(AppiumDriver.java:88)
	at io.appium.java_client.AppiumDriver.<init>(AppiumDriver.java:109)
	at io.appium.java_client.AppiumDriver.<init>(AppiumDriver.java:133)
	at io.appium.java_client.android.AndroidDriver.<init>(AndroidDriver.java:172)
	at tests.BaseClass.setup(BaseClass.java:35)
	at java.base/jdk.internal.reflect.NativeMethodAccessorImpl.invoke0(Native Method)
	at java.base/jdk.internal.reflect.NativeMethodAccessorImpl.invoke(NativeMethodAccessorImpl.java:77)
	at java.base/jdk.internal.reflect.DelegatingMethodAccessorImpl.invoke(DelegatingMethodAccessorImpl.java:43)
	at java.base/java.lang.reflect.Method.invoke(Method.java:568)
	at org.testng.internal.MethodInvocationHelper.invokeMethod(MethodInvocationHelper.java:80)
	at org.testng.internal.Invoker.invokeConfigurationMethod(Invoker.java:564)
	at org.testng.internal.Invoker.invokeConfigurations(Invoker.java:213)
	at org.testng.internal.Invoker.invokeConfigurations(Invoker.java:138)
	at org.testng.internal.TestMethodWorker.invokeBeforeClassMethods(TestMethodWorker.java:175)
	at org.testng.internal.TestMethodWorker.run(TestMethodWorker.java:107)
	at org.testng.TestRunner.privateRun(TestRunner.java:767)
	at org.testng.TestRunner.run(TestRunner.java:617)
	at org.testng.SuiteRunner.runTest(SuiteRunner.java:334)
	at org.testng.SuiteRunner.runSequentially(SuiteRunner.java:329)
	at org.testng.SuiteRunner.privateRun(SuiteRunner.java:291)
	at org.testng.SuiteRunner.run(SuiteRunner.java:240)
	at org.testng.SuiteRunnerWorker.runSuite(SuiteRunnerWorker.java:52)
	at org.testng.SuiteRunnerWorker.run(SuiteRunnerWorker.java:86)
	at org.testng.TestNG.runSuitesSequentially(TestNG.java:1198)
	at org.testng.TestNG.runSuitesLocally(TestNG.java:1123)
	at org.testng.TestNG.run(TestNG.java:1031)
	at org.testng.remote.AbstractRemoteTestNG.run(AbstractRemoteTestNG.java:115)
	at org.testng.remote.RemoteTestNG.initAndRun(RemoteTestNG.java:251)
	at org.testng.remote.RemoteTestNG.main(RemoteTestNG.java:77)
Caused by: java.lang.reflect.InvocationTargetException
	at java.base/jdk.internal.reflect.NativeMethodAccessorImpl.invoke0(Native Method)
	at java.base/jdk.internal.reflect.NativeMethodAccessorImpl.invoke(NativeMethodAccessorImpl.java:77)
	at java.base/jdk.internal.reflect.DelegatingMethodAccessorImpl.invoke(DelegatingMethodAccessorImpl.java:43)
	at java.base/java.lang.reflect.Method.invoke(Method.java:568)
	at io.appium.java_client.remote.AppiumCommandExecutor$1.createSession(AppiumCommandExecutor.java:186)
	... 39 more
Caused by: org.openqa.selenium.WebDriverException: An unknown server-side error occurred while processing the command. Original error: Cannot start the 'com.edifice.ea2' application. Visit https://github.com/appium/appium/blob/master/docs/en/writing-running-appium/android/activity-startup.md for troubleshooting. Original error: Error executing adbExec. Original error: 'Command 'C:\\Users\\ivank\\AppData\\Local\\Android\\Sdk\\platform-tools\\adb.exe -P 5037 -s 85fb4fa4 shell am start -W -n 'com.edifice.ea2/.MainActivity t79' -S -a android.intent.action.MAIN -c android.intent.category.LAUNCHER -f 0x10200000' exited with code 255'; Stderr: 'Security exception: Permission Denial: starting Intent { act=android.intent.action.MAIN cat=[android.intent.category.LAUNCHER] flg=0x10000000 pkg=t79 cmp=com.edifice.ea2/.MainActivity } from null (pid=16910, uid=2000) not exported from uid 10330

java.lang.SecurityException: Permission Denial: starting Intent { act=android.intent.action.MAIN cat=[android.intent.category.LAUNCHER] flg=0x10000000 pkg=t79 cmp=com.edifice.ea2/.MainActivity } from null (pid=16910, uid=2000) not exported from uid 10330
	at com.android.server.am.ActivityStackSupervisor.checkStartAnyActivityPermission(ActivityStackSupervisor.java:1866)
	at com.android.server.am.ActivityStarter.startActivity(ActivityStarter.java:751)
	at com.android.server.am.ActivityStarter.startActivity(ActivityStarter.java:552)
	at com.android.server.am.ActivityStarter.startActivityMayWait(ActivityStarter.java:1214)
	at com.android.server.am.ActivityStarter.execute(ActivityStarter.java:494)
	at com.android.server.am.ActivityManagerService.startActivityAndWait(ActivityManagerService.java:5406)
	at com.android.server.am.ActivityManagerShellCommand.runStartActivity(ActivityManagerShellCommand.java:474)
	at com.android.server.am.ActivityManagerShellCommand.onCommand(ActivityManagerShellCommand.java:161)
	at android.os.ShellCommand.exec(ShellCommand.java:103)
	at com.android.server.am.ActivityManagerService.onShellCommand(ActivityManagerService.java:16469)
	at android.os.Binder.shellCommand(Binder.java:634)
	at android.os.Binder.onTransact(Binder.java:532)
	at android.app.IActivityManager$Stub.onTransact(IActivityManager.java:3538)
	at com.android.server.am.ActivityManagerService.onTransact(ActivityManagerService.java:3351)
	at android.os.Binder.execTransact(Binder.java:733)'; Code: '255'
Build info: version: '3.141.59', revision: 'e82be7d358', time: '2018-11-14T08:17:03'
System info: host: 'DESKTOP-QM3HV59', ip: '192.168.33.75', os.name: 'Windows 10', os.arch: 'amd64', os.version: '10.0', java.version: '17.0.1'
Driver info: driver.version: AndroidDriver
remote stacktrace: UnknownError: An unknown server-side error occurred while processing the command. Original error: Cannot start the 'com.edifice.ea2' application. Visit https://github.com/appium/appium/blob/master/docs/en/writing-running-appium/android/activity-startup.md for troubleshooting. Original error: Error executing adbExec. Original error: 'Command 'C:\\Users\\ivank\\AppData\\Local\\Android\\Sdk\\platform-tools\\adb.exe -P 5037 -s 85fb4fa4 shell am start -W -n 'com.edifice.ea2/.MainActivity t79' -S -a android.intent.action.MAIN -c android.intent.category.LAUNCHER -f 0x10200000' exited with code 255'; Stderr: 'Security exception: Permission Denial: starting Intent { act=android.intent.action.MAIN cat=[android.intent.category.LAUNCHER] flg=0x10000000 pkg=t79 cmp=com.edifice.ea2/.MainActivity } from null (pid=16910, uid=2000) not exported from uid 10330

java.lang.SecurityException: Permission Denial: starting Intent { act=android.intent.action.MAIN cat=[android.intent.category.LAUNCHER] flg=0x10000000 pkg=t79 cmp=com.edifice.ea2/.MainActivity } from null (pid=16910, uid=2000) not exported from uid 10330
	at com.android.server.am.ActivityStackSupervisor.checkStartAnyActivityPermission(ActivityStackSupervisor.java:1866)
	at com.android.server.am.ActivityStarter.startActivity(ActivityStarter.java:751)
	at com.android.server.am.ActivityStarter.startActivity(ActivityStarter.java:552)
	at com.android.server.am.ActivityStarter.startActivityMayWait(ActivityStarter.java:1214)
	at com.android.server.am.ActivityStarter.execute(ActivityStarter.java:494)
	at com.android.server.am.ActivityManagerService.startActivityAndWait(ActivityManagerService.java:5406)
	at com.android.server.am.ActivityManagerShellCommand.runStartActivity(ActivityManagerShellCommand.java:474)
	at com.android.server.am.ActivityManagerShellCommand.onCommand(ActivityManagerShellCommand.java:161)
	at android.os.ShellCommand.exec(ShellCommand.java:103)
	at com.android.server.am.ActivityManagerService.onShellCommand(ActivityManagerService.java:16469)
	at android.os.Binder.shellCommand(Binder.java:634)
	at android.os.Binder.onTransact(Binder.java:532)
	at android.app.IActivityManager$Stub.onTransact(IActivityManager.java:3538)
	at com.android.server.am.ActivityManagerService.onTransact(ActivityManagerService.java:3351)
	at android.os.Binder.execTransact(Binder.java:733)'; Code: '255'
    at getResponseForW3CError (C:\Program Files\Appium Server GUI\resources\app\node_modules\appium\node_modules\appium-base-driver\lib\protocol\errors.js:804:9)
    at asyncHandler (C:\Program Files\Appium Server GUI\resources\app\node_modules\appium\node_modules\appium-base-driver\lib\protocol\protocol.js:380:37)
	at java.base/jdk.internal.reflect.NativeConstructorAccessorImpl.newInstance0(Native Method)
	at java.base/jdk.internal.reflect.NativeConstructorAccessorImpl.newInstance(NativeConstructorAccessorImpl.java:77)
	at java.base/jdk.internal.reflect.DelegatingConstructorAccessorImpl.newInstance(DelegatingConstructorAccessorImpl.java:45)
	at java.base/java.lang.reflect.Constructor.newInstanceWithCaller(Constructor.java:499)
	at java.base/java.lang.reflect.Constructor.newInstance(Constructor.java:480)
	at org.openqa.selenium.remote.W3CHandshakeResponse.lambda$errorHandler$0(W3CHandshakeResponse.java:62)
	at org.openqa.selenium.remote.HandshakeResponse.lambda$getResponseFunction$0(HandshakeResponse.java:30)
	at org.openqa.selenium.remote.ProtocolHandshake.lambda$createSession$0(ProtocolHandshake.java:126)
	at java.base/java.util.stream.ReferencePipeline$3$1.accept(ReferencePipeline.java:197)
	at java.base/java.util.Spliterators$ArraySpliterator.tryAdvance(Spliterators.java:1002)
	at java.base/java.util.stream.ReferencePipeline.forEachWithCancel(ReferencePipeline.java:129)
	at java.base/java.util.stream.AbstractPipeline.copyIntoWithCancel(AbstractPipeline.java:527)
	at java.base/java.util.stream.AbstractPipeline.copyInto(AbstractPipeline.java:513)
	at java.base/java.util.stream.AbstractPipeline.wrapAndCopyInto(AbstractPipeline.java:499)
	at java.base/java.util.stream.FindOps$FindOp.evaluateSequential(FindOps.java:150)
	at java.base/java.util.stream.AbstractPipeline.evaluate(AbstractPipeline.java:234)
	at java.base/java.util.stream.ReferencePipeline.findFirst(ReferencePipeline.java:647)
	at org.openqa.selenium.remote.ProtocolHandshake.createSession(ProtocolHandshake.java:128)
	... 44 more
]]>
    </failure>
  </testcase> <!-- Button_Quit_Screen_Select_Network -->
  <testcase classname="tests.Tests" name="Connecting_to_a_sensor_failed" time="0.000">
    <failure message="Unable to create a new remote session. Please check the server log for more details. Original error: An unknown server-side error occurred while processing the command. Original error: Cannot start the &#039;com.edifice.ea2&#039; application. Visit https://github.com/appium/appium/blob/master/docs/en/writing-running-appium/android/activity-startup.md for troubleshooting. Original error: Error executing adbExec. Original error: &#039;Command &#039;C:\\Users\\ivank\\AppData\\Local\\Android\\Sdk\\platform-tools\\adb.exe -P 5037 -s 85fb4fa4 shell am start -W -n &#039;com.edifice.ea2/.MainActivity t79&#039; -S -a android.intent.action.MAIN -c android.intent.category.LAUNCHER -f 0x10200000&#039; exited with code 255&#039;; Stderr: &#039;Security exception: Permission Denial: starting Intent { act=android.intent.action.MAIN cat=[android.intent.category.LAUNCHER] flg=0x10000000 pkg=t79 cmp=com.edifice.ea2/.MainActivity } from null (pid=16910, uid=2000) not exported from uid 10330

java.lang.SecurityException: Permission Denial: starting Intent { act=android.intent.action.MAIN cat=[android.intent.category.LAUNCHER] flg=0x10000000 pkg=t79 cmp=com.edifice.ea2/.MainActivity } from null (pid=16910, uid=2000) not exported from uid 10330
	at com.android.server.am.ActivityStackSupervisor.checkStartAnyActivityPermission(ActivityStackSupervisor.java:1866)
	at com.android.server.am.ActivityStarter.startActivity(ActivityStarter.java:751)
	at com.android.server.am.ActivityStarter.startActivity(ActivityStarter.java:552)
	at com.android.server.am.ActivityStarter.startActivityMayWait(ActivityStarter.java:1214)
	at com.android.server.am.ActivityStarter.execute(ActivityStarter.java:494)
	at com.android.server.am.ActivityManagerService.startActivityAndWait(ActivityManagerService.java:5406)
	at com.android.server.am.ActivityManagerShellCommand.runStartActivity(ActivityManagerShellCommand.java:474)
	at com.android.server.am.ActivityManagerShellCommand.onCommand(ActivityManagerShellCommand.java:161)
	at android.os.ShellCommand.exec(ShellCommand.java:103)
	at com.android.server.am.ActivityManagerService.onShellCommand(ActivityManagerService.java:16469)
	at android.os.Binder.shellCommand(Binder.java:634)
	at android.os.Binder.onTransact(Binder.java:532)
	at android.app.IActivityManager$Stub.onTransact(IActivityManager.java:3538)
	at com.android.server.am.ActivityManagerService.onTransact(ActivityManagerService.java:3351)
	at android.os.Binder.execTransact(Binder.java:733)&#039;; Code: &#039;255&#039;
Build info: version: &#039;3.141.59&#039;, revision: &#039;e82be7d358&#039;, time: &#039;2018-11-14T08:17:03&#039;
System info: host: &#039;DESKTOP-QM3HV59&#039;, ip: &#039;192.168.33.75&#039;, os.name: &#039;Windows 10&#039;, os.arch: &#039;amd64&#039;, os.version: &#039;10.0&#039;, java.version: &#039;17.0.1&#039;
Driver info: driver.version: AndroidDriver
remote stacktrace: UnknownError: An unknown server-side error occurred while processing the command. Original error: Cannot start the &#039;com.edifice.ea2&#039; application. Visit https://github.com/appium/appium/blob/master/docs/en/writing-running-appium/android/activity-startup.md for troubleshooting. Original error: Error executing adbExec. Original error: &#039;Command &#039;C:\\Users\\ivank\\AppData\\Local\\Android\\Sdk\\platform-tools\\adb.exe -P 5037 -s 85fb4fa4 shell am start -W -n &#039;com.edifice.ea2/.MainActivity t79&#039; -S -a android.intent.action.MAIN -c android.intent.category.LAUNCHER -f 0x10200000&#039; exited with code 255&#039;; Stderr: &#039;Security exception: Permission Denial: starting Intent { act=android.intent.action.MAIN cat=[android.intent.category.LAUNCHER] flg=0x10000000 pkg=t79 cmp=com.edifice.ea2/.MainActivity } from null (pid=16910, uid=2000) not exported from uid 10330

java.lang.SecurityException: Permission Denial: starting Intent { act=android.intent.action.MAIN cat=[android.intent.category.LAUNCHER] flg=0x10000000 pkg=t79 cmp=com.edifice.ea2/.MainActivity } from null (pid=16910, uid=2000) not exported from uid 10330
	at com.android.server.am.ActivityStackSupervisor.checkStartAnyActivityPermission(ActivityStackSupervisor.java:1866)
	at com.android.server.am.ActivityStarter.startActivity(ActivityStarter.java:751)
	at com.android.server.am.ActivityStarter.startActivity(ActivityStarter.java:552)
	at com.android.server.am.ActivityStarter.startActivityMayWait(ActivityStarter.java:1214)
	at com.android.server.am.ActivityStarter.execute(ActivityStarter.java:494)
	at com.android.server.am.ActivityManagerService.startActivityAndWait(ActivityManagerService.java:5406)
	at com.android.server.am.ActivityManagerShellCommand.runStartActivity(ActivityManagerShellCommand.java:474)
	at com.android.server.am.ActivityManagerShellCommand.onCommand(ActivityManagerShellCommand.java:161)
	at android.os.ShellCommand.exec(ShellCommand.java:103)
	at com.android.server.am.ActivityManagerService.onShellCommand(ActivityManagerService.java:16469)
	at android.os.Binder.shellCommand(Binder.java:634)
	at android.os.Binder.onTransact(Binder.java:532)
	at android.app.IActivityManager$Stub.onTransact(IActivityManager.java:3538)
	at com.android.server.am.ActivityManagerService.onTransact(ActivityManagerService.java:3351)
	at android.os.Binder.execTransact(Binder.java:733)&#039;; Code: &#039;255&#039;
    at getResponseForW3CError (C:\Program Files\Appium Server GUI\resources\app\node_modules\appium\node_modules\appium-base-driver\lib\protocol\errors.js:804:9)
    at asyncHandler (C:\Program Files\Appium Server GUI\resources\app\node_modules\appium\node_modules\appium-base-driver\lib\protocol\protocol.js:380:37)
Build info: version: &#039;3.141.59&#039;, revision: &#039;e82be7d358&#039;, time: &#039;2018-11-14T08:17:03&#039;
System info: host: &#039;DESKTOP-QM3HV59&#039;, ip: &#039;192.168.33.75&#039;, os.name: &#039;Windows 10&#039;, os.arch: &#039;amd64&#039;, os.version: &#039;10.0&#039;, java.version: &#039;17.0.1&#039;
Driver info: driver.version: AndroidDriver" type="org.openqa.selenium.SessionNotCreatedException">
      <![CDATA[org.openqa.selenium.SessionNotCreatedException: Unable to create a new remote session. Please check the server log for more details. Original error: An unknown server-side error occurred while processing the command. Original error: Cannot start the 'com.edifice.ea2' application. Visit https://github.com/appium/appium/blob/master/docs/en/writing-running-appium/android/activity-startup.md for troubleshooting. Original error: Error executing adbExec. Original error: 'Command 'C:\\Users\\ivank\\AppData\\Local\\Android\\Sdk\\platform-tools\\adb.exe -P 5037 -s 85fb4fa4 shell am start -W -n 'com.edifice.ea2/.MainActivity t79' -S -a android.intent.action.MAIN -c android.intent.category.LAUNCHER -f 0x10200000' exited with code 255'; Stderr: 'Security exception: Permission Denial: starting Intent { act=android.intent.action.MAIN cat=[android.intent.category.LAUNCHER] flg=0x10000000 pkg=t79 cmp=com.edifice.ea2/.MainActivity } from null (pid=16910, uid=2000) not exported from uid 10330

java.lang.SecurityException: Permission Denial: starting Intent { act=android.intent.action.MAIN cat=[android.intent.category.LAUNCHER] flg=0x10000000 pkg=t79 cmp=com.edifice.ea2/.MainActivity } from null (pid=16910, uid=2000) not exported from uid 10330
	at com.android.server.am.ActivityStackSupervisor.checkStartAnyActivityPermission(ActivityStackSupervisor.java:1866)
	at com.android.server.am.ActivityStarter.startActivity(ActivityStarter.java:751)
	at com.android.server.am.ActivityStarter.startActivity(ActivityStarter.java:552)
	at com.android.server.am.ActivityStarter.startActivityMayWait(ActivityStarter.java:1214)
	at com.android.server.am.ActivityStarter.execute(ActivityStarter.java:494)
	at com.android.server.am.ActivityManagerService.startActivityAndWait(ActivityManagerService.java:5406)
	at com.android.server.am.ActivityManagerShellCommand.runStartActivity(ActivityManagerShellCommand.java:474)
	at com.android.server.am.ActivityManagerShellCommand.onCommand(ActivityManagerShellCommand.java:161)
	at android.os.ShellCommand.exec(ShellCommand.java:103)
	at com.android.server.am.ActivityManagerService.onShellCommand(ActivityManagerService.java:16469)
	at android.os.Binder.shellCommand(Binder.java:634)
	at android.os.Binder.onTransact(Binder.java:532)
	at android.app.IActivityManager$Stub.onTransact(IActivityManager.java:3538)
	at com.android.server.am.ActivityManagerService.onTransact(ActivityManagerService.java:3351)
	at android.os.Binder.execTransact(Binder.java:733)'; Code: '255'
Build info: version: '3.141.59', revision: 'e82be7d358', time: '2018-11-14T08:17:03'
System info: host: 'DESKTOP-QM3HV59', ip: '192.168.33.75', os.name: 'Windows 10', os.arch: 'amd64', os.version: '10.0', java.version: '17.0.1'
Driver info: driver.version: AndroidDriver
remote stacktrace: UnknownError: An unknown server-side error occurred while processing the command. Original error: Cannot start the 'com.edifice.ea2' application. Visit https://github.com/appium/appium/blob/master/docs/en/writing-running-appium/android/activity-startup.md for troubleshooting. Original error: Error executing adbExec. Original error: 'Command 'C:\\Users\\ivank\\AppData\\Local\\Android\\Sdk\\platform-tools\\adb.exe -P 5037 -s 85fb4fa4 shell am start -W -n 'com.edifice.ea2/.MainActivity t79' -S -a android.intent.action.MAIN -c android.intent.category.LAUNCHER -f 0x10200000' exited with code 255'; Stderr: 'Security exception: Permission Denial: starting Intent { act=android.intent.action.MAIN cat=[android.intent.category.LAUNCHER] flg=0x10000000 pkg=t79 cmp=com.edifice.ea2/.MainActivity } from null (pid=16910, uid=2000) not exported from uid 10330

java.lang.SecurityException: Permission Denial: starting Intent { act=android.intent.action.MAIN cat=[android.intent.category.LAUNCHER] flg=0x10000000 pkg=t79 cmp=com.edifice.ea2/.MainActivity } from null (pid=16910, uid=2000) not exported from uid 10330
	at com.android.server.am.ActivityStackSupervisor.checkStartAnyActivityPermission(ActivityStackSupervisor.java:1866)
	at com.android.server.am.ActivityStarter.startActivity(ActivityStarter.java:751)
	at com.android.server.am.ActivityStarter.startActivity(ActivityStarter.java:552)
	at com.android.server.am.ActivityStarter.startActivityMayWait(ActivityStarter.java:1214)
	at com.android.server.am.ActivityStarter.execute(ActivityStarter.java:494)
	at com.android.server.am.ActivityManagerService.startActivityAndWait(ActivityManagerService.java:5406)
	at com.android.server.am.ActivityManagerShellCommand.runStartActivity(ActivityManagerShellCommand.java:474)
	at com.android.server.am.ActivityManagerShellCommand.onCommand(ActivityManagerShellCommand.java:161)
	at android.os.ShellCommand.exec(ShellCommand.java:103)
	at com.android.server.am.ActivityManagerService.onShellCommand(ActivityManagerService.java:16469)
	at android.os.Binder.shellCommand(Binder.java:634)
	at android.os.Binder.onTransact(Binder.java:532)
	at android.app.IActivityManager$Stub.onTransact(IActivityManager.java:3538)
	at com.android.server.am.ActivityManagerService.onTransact(ActivityManagerService.java:3351)
	at android.os.Binder.execTransact(Binder.java:733)'; Code: '255'
[...]
Driver info: driver.version: AndroidDriver
remote stacktrace: UnknownError: An unknown server-side error occurred while processing the command. Original error: Cannot start the &#039;com.edifice.ea2&#039; application. Visit https://github.com/appium/appium/blob/master/docs/en/writing-running-appium/android/activity-startup.md for troubleshooting. Original error: Error executing adbExec. Original error: &#039;Command &#039;C:\\Users\\ivank\\AppData\\Local\\Android\\Sdk\\platform-tools\\adb.exe -P 5037 -s 85fb4fa4 shell am start -W -n &#039;com.edifice.ea2/.MainActivity t79&#039; -S -a android.intent.action.MAIN -c android.intent.category.LAUNCHER -f 0x10200000&#039; exited with code 255&#039;; Stderr: &#039;Security exception: Permission Denial: starting Intent { act=android.intent.action.MAIN cat=[android.intent.category.LAUNCHER] flg=0x10000000 pkg=t79 cmp=com.edifice.ea2/.MainActivity } from null (pid=16910, uid=2000) not exported from uid 10330

java.lang.SecurityException: Permission Denial: starting Intent { act=android.intent.action.MAIN cat=[android.intent.category.LAUNCHER] flg=0x10000000 pkg=t79 cmp=com.edifice.ea2/.MainActivity } from null (pid=16910, uid=2000) not exported from uid 10330
	at com.android.server.am.ActivityStackSupervisor.checkStartAnyActivityPermission(ActivityStackSupervisor.java:1866)
	at com.android.server.am.ActivityStarter.startActivity(ActivityStarter.java:751)
	at com.android.server.am.ActivityStarter.startActivity(ActivityStarter.java:552)
	at com.android.server.am.ActivityStarter.startActivityMayWait(ActivityStarter.java:1214)
	at com.android.server.am.ActivityStarter.execute(ActivityStarter.java:494)
	at com.android.server.am.ActivityManagerService.startActivityAndWait(ActivityManagerService.java:5406)
	at com.android.server.am.ActivityManagerShellCommand.runStartActivity(ActivityManagerShellCommand.java:474)
	at com.android.server.am.ActivityManagerShellCommand.onCommand(ActivityManagerShellCommand.java:161)
	at android.os.ShellCommand.exec(ShellCommand.java:103)
	at com.android.server.am.ActivityManagerService.onShellCommand(ActivityManagerService.java:16469)
	at android.os.Binder.shellCommand(Binder.java:634)
	at android.os.Binder.onTransact(Binder.java:532)
	at android.app.IActivityManager$Stub.onTransact(IActivityManager.java:3538)
	at com.android.server.am.ActivityManagerService.onTransact(ActivityManagerService.java:3351)
	at android.os.Binder.execTransact(Binder.java:733)&#039;; Code: &#039;255&#039;
    at getResponseForW3CError (C:\Program Files\Appium Server GUI\resources\app\node_modules\appium\node_modules\appium-base-driver\lib\protocol\errors.js:804:9)
    at asyncHandler (C:\Program Files\Appium Server GUI\resources\app\node_modules\appium\node_modules\appium-base-driver\lib\protocol\protocol.js:380:37)
Build info: version: &#039;3.141.59&#039;, revision: &#039;e82be7d358&#039;, time: &#039;2018-11-14T08:17:03&#039;
System info: host: &#039;DESKTOP-QM3HV59&#039;, ip: &#039;192.168.33.75&#039;, os.name: &#039;Windows 10&#039;, os.arch: &#039;amd64&#039;, os.version: &#039;10.0&#039;, java.version: &#039;17.0.1&#039;
Driver info: driver.version: AndroidDriver" type="org.openqa.selenium.SessionNotCreatedException">
      <![CDATA[org.openqa.selenium.SessionNotCreatedException: Unable to create a new remote session. Please check the server log for more details. Original error: An unknown server-side error occurred while processing the command. Original error: Cannot start the 'com.edifice.ea2' application. Visit https://github.com/appium/appium/blob/master/docs/en/writing-running-appium/android/activity-startup.md for troubleshooting. Original error: Error executing adbExec. Original error: 'Command 'C:\\Users\\ivank\\AppData\\Local\\Android\\Sdk\\platform-tools\\adb.exe -P 5037 -s 85fb4fa4 shell am start -W -n 'com.edifice.ea2/.MainActivity t79' -S -a android.intent.action.MAIN -c android.intent.category.LAUNCHER -f 0x10200000' exited with code 255'; Stderr: 'Security exception: Permission Denial: starting Intent { act=android.intent.action.MAIN cat=[android.intent.category.LAUNCHER] flg=0x10000000 pkg=t79 cmp=com.edifice.ea2/.MainActivity } from null (pid=16910, uid=2000) not exported from uid 10330

java.lang.SecurityException: Permission Denial: starting Intent { act=android.intent.action.MAIN cat=[android.intent.category.LAUNCHER] flg=0x10000000 pkg=t79 cmp=com.edifice.ea2/.MainActivity } from null (pid=16910, uid=2000) not exported from uid 10330
	at com.android.server.am.ActivityStackSupervisor.checkStartAnyActivityPermission(ActivityStackSupervisor.java:1866)
	at com.android.server.am.ActivityStarter.startActivity(ActivityStarter.java:751)
	at com.android.server.am.ActivityStarter.startActivity(ActivityStarter.java:552)
	at com.android.server.am.ActivityStarter.startActivityMayWait(ActivityStarter.java:1214)
	at com.android.server.am.ActivityStarter.execute(ActivityStarter.java:494)
	at com.android.server.am.ActivityManagerService.startActivityAndWait(ActivityManagerService.java:5406)
	at com.android.server.am.ActivityManagerShellCommand.runStartActivity(ActivityManagerShellCommand.java:474)
	at com.android.server.am.ActivityManagerShellCommand.onCommand(ActivityManagerShellCommand.java:161)
	at android.os.ShellCommand.exec(ShellCommand.java:103)
	at com.android.server.am.ActivityManagerService.onShellCommand(ActivityManagerService.java:16469)
	at android.os.Binder.shellCommand(Binder.java:634)
	at android.os.Binder.onTransact(Binder.java:532)
	at android.app.IActivityManager$Stub.onTransact(IActivityManager.java:3538)
	at com.android.server.am.ActivityManagerService.onTransact(ActivityManagerService.java:3351)
	at android.os.Binder.execTransact(Binder.java:733)'; Code: '255'
Build info: version: '3.141.59', revision: 'e82be7d358', time: '2018-11-14T08:17:03'
System info: host: 'DESKTOP-QM3HV59', ip: '192.168.33.75', os.name: 'Windows 10', os.arch: 'amd64', os.version: '10.0', java.version: '17.0.1'
Driver info: driver.version: AndroidDriver
remote stacktrace: UnknownError: An unknown server-side error occurred while processing the command. Original error: Cannot start the 'com.edifice.ea2' application. Visit https://github.com/appium/appium/blob/master/docs/en/writing-running-appium/android/activity-startup.md for troubleshooting. Original error: Error executing adbExec. Original error: 'Command 'C:\\Users\\ivank\\AppData\\Local\\Android\\Sdk\\platform-tools\\adb.exe -P 5037 -s 85fb4fa4 shell am start -W -n 'com.edifice.ea2/.MainActivity t79' -S -a android.intent.action.MAIN -c android.intent.category.LAUNCHER -f 0x10200000' exited with code 255'; Stderr: 'Security exception: Permission Denial: starting Intent { act=android.intent.action.MAIN cat=[android.intent.category.LAUNCHER] flg=0x10000000 pkg=t79 cmp=com.edifice.ea2/.MainActivity } from null (pid=16910, uid=2000) not exported from uid 10330

java.lang.SecurityException: Permission Denial: starting Intent { act=android.intent.action.MAIN cat=[android.intent.category.LAUNCHER] flg=0x10000000 pkg=t79 cmp=com.edifice.ea2/.MainActivity } from null (pid=16910, uid=2000) not exported from uid 10330
	at com.android.server.am.ActivityStackSupervisor.checkStartAnyActivityPermission(ActivityStackSupervisor.java:1866)
	at com.android.server.am.ActivityStarter.startActivity(ActivityStarter.java:751)
	at com.android.server.am.ActivityStarter.startActivity(ActivityStarter.java:552)
	at com.android.server.am.ActivityStarter.startActivityMayWait(ActivityStarter.java:1214)
	at com.android.server.am.ActivityStarter.execute(ActivityStarter.java:494)
	at com.android.server.am.ActivityManagerService.startActivityAndWait(ActivityManagerService.java:5406)
	at com.android.server.am.ActivityManagerShellCommand.runStartActivity(ActivityManagerShellCommand.java:474)
	at com.android.server.am.ActivityManagerShellCommand.onCommand(ActivityManagerShellCommand.java:161)
	at android.os.ShellCommand.exec(ShellCommand.java:103)
	at com.android.server.am.ActivityManagerService.onShellCommand(ActivityManagerService.java:16469)
	at android.os.Binder.shellCommand(Binder.java:634)
	at android.os.Binder.onTransact(Binder.java:532)
	at android.app.IActivityManager$Stub.onTransact(IActivityManager.java:3538)
	at com.android.server.am.ActivityManagerService.onTransact(ActivityManagerService.java:3351)
	at android.os.Binder.execTransact(Binder.java:733)'; Code: '255'
    at getResponseForW3CError (C:\Program Files\Appium Server GUI\resources\app\node_modules\appium\node_modules\appium-base-driver\lib\protocol\errors.js:804:9)
    at asyncHandler (C:\Program Files\Appium Server GUI\resources\app\node_modules\appium\node_modules\appium-base-driver\lib\protocol\protocol.js:380:37)
Build info: version: '3.141.59', revision: 'e82be7d358', time: '2018-11-14T08:17:03'
System info: host: 'DESKTOP-QM3HV59', ip: '192.168.33.75', os.name: 'Windows 10', os.arch: 'amd64', os.version: '10.0', java.version: '17.0.1'
Driver info: driver.version: AndroidDriver
	at io.appium.java_client.remote.AppiumCommandExecutor$1.createSession(AppiumCommandExecutor.java:208)
	at io.appium.java_client.remote.AppiumCommandExecutor.createSession(AppiumCommandExecutor.java:217)
	at io.appium.java_client.remote.AppiumCommandExecutor.execute(AppiumCommandExecutor.java:239)
	at org.openqa.selenium.remote.RemoteWebDriver.execute(RemoteWebDriver.java:552)
	at io.appium.java_client.DefaultGenericMobileDriver.execute(DefaultGenericMobileDriver.java:41)
	at io.appium.java_client.AppiumDriver.execute(AppiumDriver.java:1)
	at io.appium.java_client.android.AndroidDriver.execute(AndroidDriver.java:1)
	at org.openqa.selenium.remote.RemoteWebDriver.startSession(RemoteWebDriver.java:213)
	at io.appium.java_client.AppiumDriver.startSession(AppiumDriver.java:336)
	at org.openqa.selenium.remote.RemoteWebDriver.<init>(RemoteWebDriver.java:131)
	at io.appium.java_client.DefaultGenericMobileDriver.<init>(DefaultGenericMobileDriver.java:37)
	at io.appium.java_client.AppiumDriver.<init>(AppiumDriver.java:88)
	at io.appium.java_client.AppiumDriver.<init>(AppiumDriver.java:109)
	at io.appium.java_client.AppiumDriver.<init>(AppiumDriver.java:133)
	at io.appium.java_client.android.AndroidDriver.<init>(AndroidDriver.java:172)
	at tests.BaseClass.setup(BaseClass.java:35)
	at java.base/jdk.internal.reflect.NativeMethodAccessorImpl.invoke0(Native Method)
	at java.base/jdk.internal.reflect.NativeMethodAccessorImpl.invoke(NativeMethodAccessorImpl.java:77)
	at java.base/jdk.internal.reflect.DelegatingMethodAccessorImpl.invoke(DelegatingMethodAccessorImpl.java:43)
	at java.base/java.lang.reflect.Method.invoke(Method.java:568)
	at org.testng.internal.MethodInvocationHelper.invokeMethod(MethodInvocationHelper.java:80)
	at org.testng.internal.Invoker.invokeConfigurationMethod(Invoker.java:564)
	at org.testng.internal.Invoker.invokeConfigurations(Invoker.java:213)
	at org.testng.internal.Invoker.invokeConfigurations(Invoker.java:138)
	at org.testng.internal.TestMethodWorker.invokeBeforeClassMethods(TestMethodWorker.java:175)
	at org.testng.internal.TestMethodWorker.run(TestMethodWorker.java:107)
	at org.testng.TestRunner.privateRun(TestRunner.java:767)
	at org.testng.TestRunner.run(TestRunner.java:617)
	at org.testng.SuiteRunner.runTest(SuiteRunner.java:334)
	at org.testng.SuiteRunner.runSequentially(SuiteRunner.java:329)
	at org.testng.SuiteRunner.privateRun(SuiteRunner.java:291)
	at org.testng.SuiteRunner.run(SuiteRunner.java:240)
	at org.testng.SuiteRunnerWorker.runSuite(SuiteRunnerWorker.java:52)
	at org.testng.SuiteRunnerWorker.run(SuiteRunnerWorker.java:86)
	at org.testng.TestNG.runSuitesSequentially(TestNG.java:1198)
	at org.testng.TestNG.runSuitesLocally(TestNG.java:1123)
	at org.testng.TestNG.run(TestNG.java:1031)
	at org.testng.remote.AbstractRemoteTestNG.run(AbstractRemoteTestNG.java:115)
	at org.testng.remote.RemoteTestNG.initAndRun(RemoteTestNG.java:251)
	at org.testng.remote.RemoteTestNG.main(RemoteTestNG.java:77)
Caused by: java.lang.reflect.InvocationTargetException
	at java.base/jdk.internal.reflect.NativeMethodAccessorImpl.invoke0(Native Method)
	at java.base/jdk.internal.reflect.NativeMethodAccessorImpl.invoke(NativeMethodAccessorImpl.java:77)
	at java.base/jdk.internal.reflect.DelegatingMethodAccessorImpl.invoke(DelegatingMethodAccessorImpl.java:43)
	at java.base/java.lang.reflect.Method.invoke(Method.java:568)
	at io.appium.java_client.remote.AppiumCommandExecutor$1.createSession(AppiumCommandExecutor.java:186)
	... 39 more
Caused by: org.openqa.selenium.WebDriverException: An unknown server-side error occurred while processing the command. Original error: Cannot start the 'com.edifice.ea2' application. Visit https://github.com/appium/appium/blob/master/docs/en/writing-running-appium/android/activity-startup.md for troubleshooting. Original error: Error executing adbExec. Original error: 'Command 'C:\\Users\\ivank\\AppData\\Local\\Android\\Sdk\\platform-tools\\adb.exe -P 5037 -s 85fb4fa4 shell am start -W -n 'com.edifice.ea2/.MainActivity t79' -S -a android.intent.action.MAIN -c android.intent.category.LAUNCHER -f 0x10200000' exited with code 255'; Stderr: 'Security exception: Permission Denial: starting Intent { act=android.intent.action.MAIN cat=[android.intent.category.LAUNCHER] flg=0x10000000 pkg=t79 cmp=com.edifice.ea2/.MainActivity } from null (pid=16910, uid=2000) not exported from uid 10330

java.lang.SecurityException: Permission Denial: starting Intent { act=android.intent.action.MAIN cat=[android.intent.category.LAUNCHER] flg=0x10000000 pkg=t79 cmp=com.edifice.ea2/.MainActivity } from null (pid=16910, uid=2000) not exported from uid 10330
	at com.android.server.am.ActivityStackSupervisor.checkStartAnyActivityPermission(ActivityStackSupervisor.java:1866)
	at com.android.server.am.ActivityStarter.startActivity(ActivityStarter.java:751)
	at com.android.server.am.ActivityStarter.startActivity(ActivityStarter.java:552)
	at com.android.server.am.ActivityStarter.startActivityMayWait(ActivityStarter.java:1214)
	at com.android.server.am.ActivityStarter.execute(ActivityStarter.java:494)
	at com.android.server.am.ActivityManagerService.startActivityAndWait(ActivityManagerService.java:5406)
	at com.android.server.am.ActivityManagerShellCommand.runStartActivity(ActivityManagerShellCommand.java:474)
	at com.android.server.am.ActivityManagerShellCommand.onCommand(ActivityManagerShellCommand.java:161)
	at android.os.ShellCommand.exec(ShellCommand.java:103)
	at com.android.server.am.ActivityManagerService.onShellCommand(ActivityManagerService.java:16469)
	at android.os.Binder.shellCommand(Binder.java:634)
	at android.os.Binder.onTransact(Binder.java:532)
	at android.app.IActivityManager$Stub.onTransact(IActivityManager.java:3538)
	at com.android.server.am.ActivityManagerService.onTransact(ActivityManagerService.java:3351)
	at android.os.Binder.execTransact(Binder.java:733)'; Code: '255'
Build info: version: '3.141.59', revision: 'e82be7d358', time: '2018-11-14T08:17:03'
System info: host: 'DESKTOP-QM3HV59', ip: '192.168.33.75', os.name: 'Windows 10', os.arch: 'amd64', os.version: '10.0', java.version: '17.0.1'
Driver info: driver.version: AndroidDriver
remote stacktrace: UnknownError: An unknown server-side error occurred while processing the command. Original error: Cannot start the 'com.edifice.ea2' application. Visit https://github.com/appium/appium/blob/master/docs/en/writing-running-appium/android/activity-startup.md for troubleshooting. Original error: Error executing adbExec. Original error: 'Command 'C:\\Users\\ivank\\AppData\\Local\\Android\\Sdk\\platform-tools\\adb.exe -P 5037 -s 85fb4fa4 shell am start -W -n 'com.edifice.ea2/.MainActivity t79' -S -a android.intent.action.MAIN -c android.intent.category.LAUNCHER -f 0x10200000' exited with code 255'; Stderr: 'Security exception: Permission Denial: starting Intent { act=android.intent.action.MAIN cat=[android.intent.category.LAUNCHER] flg=0x10000000 pkg=t79 cmp=com.edifice.ea2/.MainActivity } from null (pid=16910, uid=2000) not exported from uid 10330

java.lang.SecurityException: Permission Denial: starting Intent { act=android.intent.action.MAIN cat=[android.intent.category.LAUNCHER] flg=0x10000000 pkg=t79 cmp=com.edifice.ea2/.MainActivity } from null (pid=16910, uid=2000) not exported from uid 10330
	at com.android.server.am.ActivityStackSupervisor.checkStartAnyActivityPermission(ActivityStackSupervisor.java:1866)
	at com.android.server.am.ActivityStarter.startActivity(ActivityStarter.java:751)
	at com.android.server.am.ActivityStarter.startActivity(ActivityStarter.java:552)
	at com.android.server.am.ActivityStarter.startActivityMayWait(ActivityStarter.java:1214)
	at com.android.server.am.ActivityStarter.execute(ActivityStarter.java:494)
	at com.android.server.am.ActivityManagerService.startActivityAndWait(ActivityManagerService.java:5406)
	at com.android.server.am.ActivityManagerShellCommand.runStartActivity(ActivityManagerShellCommand.java:474)
	at com.android.server.am.ActivityManagerShellCommand.onCommand(ActivityManagerShellCommand.java:161)
	at android.os.ShellCommand.exec(ShellCommand.java:103)
	at com.android.server.am.ActivityManagerService.onShellCommand(ActivityManagerService.java:16469)
	at android.os.Binder.shellCommand(Binder.java:634)
	at android.os.Binder.onTransact(Binder.java:532)
	at android.app.IActivityManager$Stub.onTransact(IActivityManager.java:3538)
	at com.android.server.am.ActivityManagerService.onTransact(ActivityManagerService.java:3351)
	at android.os.Binder.execTransact(Binder.java:733)'; Code: '255'
    at getResponseForW3CError (C:\Program Files\Appium Server GUI\resources\app\node_modules\appium\node_modules\appium-base-driver\lib\protocol\errors.js:804:9)
    at asyncHandler (C:\Program Files\Appium Server GUI\resources\app\node_modules\appium\node_modules\appium-base-driver\lib\protocol\protocol.js:380:37)
	at java.base/jdk.internal.reflect.NativeConstructorAccessorImpl.newInstance0(Native Method)
	at java.base/jdk.internal.reflect.NativeConstructorAccessorImpl.newInstance(NativeConstructorAccessorImpl.java:77)
	at java.base/jdk.internal.reflect.DelegatingConstructorAccessorImpl.newInstance(DelegatingConstructorAccessorImpl.java:45)
	at java.base/java.lang.reflect.Constructor.newInstanceWithCaller(Constructor.java:499)
	at java.base/java.lang.reflect.Constructor.newInstance(Constructor.java:480)
	at org.openqa.selenium.remote.W3CHandshakeResponse.lambda$errorHandler$0(W3CHandshakeResponse.java:62)
	at org.openqa.selenium.remote.HandshakeResponse.lambda$getResponseFunction$0(HandshakeResponse.java:30)
	at org.openqa.selenium.remote.ProtocolHandshake.lambda$createSession$0(ProtocolHandshake.java:126)
	at java.base/java.util.stream.ReferencePipeline$3$1.accept(ReferencePipeline.java:197)
	at java.base/java.util.Spliterators$ArraySpliterator.tryAdvance(Spliterators.java:1002)
	at java.base/java.util.stream.ReferencePipeline.forEachWithCancel(ReferencePipeline.java:129)
	at java.base/java.util.stream.AbstractPipeline.copyIntoWithCancel(AbstractPipeline.java:527)
	at java.base/java.util.stream.AbstractPipeline.copyInto(AbstractPipeline.java:513)
	at java.base/java.util.stream.AbstractPipeline.wrapAndCopyInto(AbstractPipeline.java:499)
	at java.base/java.util.stream.FindOps$FindOp.evaluateSequential(FindOps.java:150)
	at java.base/java.util.stream.AbstractPipeline.evaluate(AbstractPipeline.java:234)
	at java.base/java.util.stream.ReferencePipeline.findFirst(ReferencePipeline.java:647)
	at org.openqa.selenium.remote.ProtocolHandshake.createSession(ProtocolHandshake.java:128)
	... 44 more
]]>
    </failure>
  </testcase> <!-- Connecting_to_a_sensor_back -->
</testsuite> <!-- tests.Tests -->
