<?xml version="1.0" encoding="UTF-8"?>
<testng-results total="45" passed="45" failed="0" skipped="0">
  <reporter-output>
  </reporter-output>
  <suite started-at="2022-01-18T09:56:41Z" name="Default suite" finished-at="2022-01-18T10:14:25Z" duration-ms="1063914">
    <groups>
    </groups>
    <test started-at="2022-01-18T09:56:41Z" name="Default test" finished-at="2022-01-18T10:14:25Z" duration-ms="1063914">
      <class name="tests.EdificeTestAndroid">
        <test-method is-config="true" signature="setup()[pri:0, instance:tests.EdificeTestAndroid@75437611]" started-at="2022-01-18T10:56:41Z" name="setup" finished-at="2022-01-18T10:56:50Z" duration-ms="9487" status="PASS">
          <reporter-output>
          </reporter-output>
        </test-method> <!-- setup -->
        <test-method signature="BluDeny()[pri:0, instance:tests.EdificeTestAndroid@75437611]" started-at="2022-01-18T10:56:50Z" name="BluDeny" finished-at="2022-01-18T10:56:51Z" duration-ms="1208" status="PASS">
          <reporter-output>
          </reporter-output>
        </test-method> <!-- BluDeny -->
        <test-method is-config="true" signature="posleSvakogTesta()[pri:0, instance:tests.EdificeTestAndroid@75437611]" started-at="2022-01-18T10:56:51Z" name="posleSvakogTesta" finished-at="2022-01-18T10:56:51Z" duration-ms="1" status="PASS">
          <reporter-output>
          </reporter-output>
        </test-method> <!-- posleSvakogTesta -->
        <test-method signature="BluDialog()[pri:0, instance:tests.EdificeTestAndroid@75437611]" started-at="2022-01-18T10:56:51Z" name="BluDialog" finished-at="2022-01-18T10:56:51Z" duration-ms="38" status="PASS">
          <reporter-output>
          </reporter-output>
        </test-method> <!-- BluDialog -->
        <test-method is-config="true" signature="posleSvakogTesta()[pri:0, instance:tests.EdificeTestAndroid@75437611]" started-at="2022-01-18T10:56:51Z" name="posleSvakogTesta" finished-at="2022-01-18T10:56:51Z" duration-ms="0" status="PASS">
          <reporter-output>
          </reporter-output>
        </test-method> <!-- posleSvakogTesta -->
        <test-method signature="BluAllow()[pri:0, instance:tests.EdificeTestAndroid@75437611]" started-at="2022-01-18T10:56:51Z" name="BluAllow" finished-at="2022-01-18T10:56:54Z" duration-ms="2978" status="PASS">
          <reporter-output>
          </reporter-output>
        </test-method> <!-- BluAllow -->
        <test-method signature="Screen_Step_1()[pri:0, instance:tests.EdificeTestAndroid@75437611]" started-at="2022-01-18T10:56:54Z" name="Screen_Step_1" finished-at="2022-01-18T10:56:57Z" duration-ms="2403" status="PASS">
          <reporter-output>
          </reporter-output>
        </test-method> <!-- Screen_Step_1 -->
        <test-method is-config="true" signature="posleSvakogTesta()[pri:0, instance:tests.EdificeTestAndroid@75437611]" started-at="2022-01-18T10:56:54Z" name="posleSvakogTesta" finished-at="2022-01-18T10:56:54Z" duration-ms="0" status="PASS">
          <reporter-output>
          </reporter-output>
        </test-method> <!-- posleSvakogTesta -->
        <test-method signature="Choose_a_sensor()[pri:0, instance:tests.EdificeTestAndroid@75437611]" started-at="2022-01-18T10:56:57Z" name="Choose_a_sensor" finished-at="2022-01-18T10:58:50Z" duration-ms="113462" status="PASS">
          <reporter-output>
          </reporter-output>
        </test-method> <!-- Choose_a_sensor -->
        <test-method is-config="true" signature="posleSvakogTesta()[pri:0, instance:tests.EdificeTestAndroid@75437611]" started-at="2022-01-18T10:56:57Z" name="posleSvakogTesta" finished-at="2022-01-18T10:56:57Z" duration-ms="0" status="PASS">
          <reporter-output>
          </reporter-output>
        </test-method> <!-- posleSvakogTesta -->
        <test-method is-config="true" signature="posleSvakogTesta()[pri:0, instance:tests.EdificeTestAndroid@75437611]" started-at="2022-01-18T10:58:50Z" name="posleSvakogTesta" finished-at="2022-01-18T10:58:50Z" duration-ms="0" status="PASS">
          <reporter-output>
          </reporter-output>
        </test-method> <!-- posleSvakogTesta -->
        <test-method signature="Screen_Step_2()[pri:0, instance:tests.EdificeTestAndroid@75437611]" started-at="2022-01-18T10:58:50Z" name="Screen_Step_2" finished-at="2022-01-18T10:58:50Z" duration-ms="59" status="PASS">
          <reporter-output>
          </reporter-output>
        </test-method> <!-- Screen_Step_2 -->
        <test-method is-config="true" signature="posleSvakogTesta()[pri:0, instance:tests.EdificeTestAndroid@75437611]" started-at="2022-01-18T10:58:50Z" name="posleSvakogTesta" finished-at="2022-01-18T10:58:50Z" duration-ms="0" status="PASS">
          <reporter-output>
          </reporter-output>
        </test-method> <!-- posleSvakogTesta -->
        <test-method signature="Screen_Select_a_Network()[pri:0, instance:tests.EdificeTestAndroid@75437611]" started-at="2022-01-18T10:58:50Z" name="Screen_Select_a_Network" finished-at="2022-01-18T10:58:51Z" duration-ms="892" status="PASS">
          <reporter-output>
          </reporter-output>
        </test-method> <!-- Screen_Select_a_Network -->
        <test-method is-config="true" signature="posleSvakogTesta()[pri:0, instance:tests.EdificeTestAndroid@75437611]" started-at="2022-01-18T10:58:51Z" name="posleSvakogTesta" finished-at="2022-01-18T10:58:51Z" duration-ms="0" status="PASS">
          <reporter-output>
          </reporter-output>
        </test-method> <!-- posleSvakogTesta -->
        <test-method signature="Choose_a_network()[pri:0, instance:tests.EdificeTestAndroid@75437611]" started-at="2022-01-18T10:58:51Z" name="Choose_a_network" finished-at="2022-01-18T10:58:59Z" duration-ms="7743" status="PASS">
          <reporter-output>
          </reporter-output>
        </test-method> <!-- Choose_a_network -->
        <test-method signature="Choose_a_network_Password_Show()[pri:0, instance:tests.EdificeTestAndroid@75437611]" started-at="2022-01-18T10:58:59Z" name="Choose_a_network_Password_Show" finished-at="2022-01-18T10:59:01Z" duration-ms="2329" status="PASS">
          <reporter-output>
          </reporter-output>
        </test-method> <!-- Choose_a_network_Password_Show -->
        <test-method is-config="true" signature="posleSvakogTesta()[pri:0, instance:tests.EdificeTestAndroid@75437611]" started-at="2022-01-18T10:58:59Z" name="posleSvakogTesta" finished-at="2022-01-18T10:58:59Z" duration-ms="0" status="PASS">
          <reporter-output>
          </reporter-output>
        </test-method> <!-- posleSvakogTesta -->
        <test-method is-config="true" signature="posleSvakogTesta()[pri:0, instance:tests.EdificeTestAndroid@75437611]" started-at="2022-01-18T10:59:01Z" name="posleSvakogTesta" finished-at="2022-01-18T10:59:01Z" duration-ms="0" status="PASS">
          <reporter-output>
          </reporter-output>
        </test-method> <!-- posleSvakogTesta -->
        <test-method signature="Choose_a_network_Password_Cancel()[pri:0, instance:tests.EdificeTestAndroid@75437611]" started-at="2022-01-18T10:59:01Z" name="Choose_a_network_Password_Cancel" finished-at="2022-01-18T10:59:02Z" duration-ms="846" status="PASS">
          <reporter-output>
          </reporter-output>
        </test-method> <!-- Choose_a_network_Password_Cancel -->
        <test-method is-config="true" signature="posleSvakogTesta()[pri:0, instance:tests.EdificeTestAndroid@75437611]" started-at="2022-01-18T10:59:02Z" name="posleSvakogTesta" finished-at="2022-01-18T10:59:02Z" duration-ms="1" status="PASS">
          <reporter-output>
          </reporter-output>
        </test-method> <!-- posleSvakogTesta -->
        <test-method signature="Choose_a_network_Incorrect_Password()[pri:0, instance:tests.EdificeTestAndroid@75437611]" started-at="2022-01-18T10:59:02Z" name="Choose_a_network_Incorrect_Password" finished-at="2022-01-18T10:59:19Z" duration-ms="17299" status="PASS">
          <reporter-output>
          </reporter-output>
        </test-method> <!-- Choose_a_network_Incorrect_Password -->
        <test-method is-config="true" signature="posleSvakogTesta()[pri:0, instance:tests.EdificeTestAndroid@75437611]" started-at="2022-01-18T10:59:19Z" name="posleSvakogTesta" finished-at="2022-01-18T10:59:19Z" duration-ms="1" status="PASS">
          <reporter-output>
          </reporter-output>
        </test-method> <!-- posleSvakogTesta -->
        <test-method signature="Choose_a_network_Connection_Failed()[pri:0, instance:tests.EdificeTestAndroid@75437611]" started-at="2022-01-18T10:59:19Z" name="Choose_a_network_Connection_Failed" finished-at="2022-01-18T10:59:19Z" duration-ms="68" status="PASS">
          <reporter-output>
          </reporter-output>
        </test-method> <!-- Choose_a_network_Connection_Failed -->
        <test-method is-config="true" signature="posleSvakogTesta()[pri:0, instance:tests.EdificeTestAndroid@75437611]" started-at="2022-01-18T10:59:19Z" name="posleSvakogTesta" finished-at="2022-01-18T10:59:19Z" duration-ms="0" status="PASS">
          <reporter-output>
          </reporter-output>
        </test-method> <!-- posleSvakogTesta -->
        <test-method signature="Choose_a_network_Connection_Failed_Back()[pri:0, instance:tests.EdificeTestAndroid@75437611]" started-at="2022-01-18T10:59:19Z" name="Choose_a_network_Connection_Failed_Back" finished-at="2022-01-18T10:59:20Z" duration-ms="778" status="PASS">
          <reporter-output>
          </reporter-output>
        </test-method> <!-- Choose_a_network_Connection_Failed_Back -->
        <test-method is-config="true" signature="posleSvakogTesta()[pri:0, instance:tests.EdificeTestAndroid@75437611]" started-at="2022-01-18T10:59:20Z" name="posleSvakogTesta" finished-at="2022-01-18T10:59:20Z" duration-ms="0" status="PASS">
          <reporter-output>
          </reporter-output>
        </test-method> <!-- posleSvakogTesta -->
        <test-method signature="Choose_a_network_Connection_Correct_Password()[pri:0, instance:tests.EdificeTestAndroid@75437611]" started-at="2022-01-18T10:59:20Z" name="Choose_a_network_Connection_Correct_Password" finished-at="2022-01-18T10:59:42Z" duration-ms="21916" status="PASS">
          <reporter-output>
          </reporter-output>
        </test-method> <!-- Choose_a_network_Connection_Correct_Password -->
        <test-method signature="Successful_connection()[pri:0, instance:tests.EdificeTestAndroid@75437611]" started-at="2022-01-18T10:59:42Z" name="Successful_connection" finished-at="2022-01-18T10:59:42Z" duration-ms="95" status="PASS">
          <reporter-output>
          </reporter-output>
        </test-method> <!-- Successful_connection -->
        <test-method is-config="true" signature="posleSvakogTesta()[pri:0, instance:tests.EdificeTestAndroid@75437611]" started-at="2022-01-18T10:59:42Z" name="posleSvakogTesta" finished-at="2022-01-18T10:59:42Z" duration-ms="0" status="PASS">
          <reporter-output>
          </reporter-output>
        </test-method> <!-- posleSvakogTesta -->
        <test-method is-config="true" signature="posleSvakogTesta()[pri:0, instance:tests.EdificeTestAndroid@75437611]" started-at="2022-01-18T10:59:42Z" name="posleSvakogTesta" finished-at="2022-01-18T10:59:42Z" duration-ms="1" status="PASS">
          <reporter-output>
          </reporter-output>
        </test-method> <!-- posleSvakogTesta -->
        <test-method signature="Choosing_another_senzor()[pri:0, instance:tests.EdificeTestAndroid@75437611]" started-at="2022-01-18T10:59:42Z" name="Choosing_another_senzor" finished-at="2022-01-18T10:59:49Z" duration-ms="6310" status="PASS">
          <reporter-output>
          </reporter-output>
        </test-method> <!-- Choosing_another_senzor -->
        <test-method is-config="true" signature="posleSvakogTesta()[pri:0, instance:tests.EdificeTestAndroid@75437611]" started-at="2022-01-18T10:59:49Z" name="posleSvakogTesta" finished-at="2022-01-18T10:59:49Z" duration-ms="0" status="PASS">
          <reporter-output>
          </reporter-output>
        </test-method> <!-- posleSvakogTesta -->
        <test-method signature="Button_Quit_Screen_Choose_a_sensor()[pri:0, instance:tests.EdificeTestAndroid@75437611]" started-at="2022-01-18T10:59:49Z" name="Button_Quit_Screen_Choose_a_sensor" finished-at="2022-01-18T11:00:04Z" duration-ms="15149" status="PASS">
          <reporter-output>
          </reporter-output>
        </test-method> <!-- Button_Quit_Screen_Choose_a_sensor -->
        <test-method is-config="true" signature="posleSvakogTesta()[pri:0, instance:tests.EdificeTestAndroid@75437611]" started-at="2022-01-18T11:00:04Z" name="posleSvakogTesta" finished-at="2022-01-18T11:00:04Z" duration-ms="0" status="PASS">
          <reporter-output>
          </reporter-output>
        </test-method> <!-- posleSvakogTesta -->
        <test-method signature="Button_Quit_Screen_Choose_a_sensor_Quit()[pri:0, instance:tests.EdificeTestAndroid@75437611]" started-at="2022-01-18T11:00:04Z" name="Button_Quit_Screen_Choose_a_sensor_Quit" finished-at="2022-01-18T11:00:05Z" duration-ms="1390" status="PASS">
          <reporter-output>
          </reporter-output>
        </test-method> <!-- Button_Quit_Screen_Choose_a_sensor_Quit -->
        <test-method signature="Button_Quit_Screen_Choose_a_sensor_Cancel()[pri:0, instance:tests.EdificeTestAndroid@75437611]" started-at="2022-01-18T11:00:05Z" name="Button_Quit_Screen_Choose_a_sensor_Cancel" finished-at="2022-01-18T11:01:33Z" duration-ms="87549" status="PASS">
          <reporter-output>
          </reporter-output>
        </test-method> <!-- Button_Quit_Screen_Choose_a_sensor_Cancel -->
        <test-method is-config="true" signature="posleSvakogTesta()[pri:0, instance:tests.EdificeTestAndroid@75437611]" started-at="2022-01-18T11:00:05Z" name="posleSvakogTesta" finished-at="2022-01-18T11:00:05Z" duration-ms="0" status="PASS">
          <reporter-output>
          </reporter-output>
        </test-method> <!-- posleSvakogTesta -->
        <test-method signature="Choose_a_sensor_No_Results()[pri:0, instance:tests.EdificeTestAndroid@75437611]" started-at="2022-01-18T11:01:33Z" name="Choose_a_sensor_No_Results" finished-at="2022-01-18T11:02:11Z" duration-ms="38061" status="PASS">
          <reporter-output>
          </reporter-output>
        </test-method> <!-- Choose_a_sensor_No_Results -->
        <test-method is-config="true" signature="posleSvakogTesta()[pri:0, instance:tests.EdificeTestAndroid@75437611]" started-at="2022-01-18T11:01:33Z" name="posleSvakogTesta" finished-at="2022-01-18T11:01:33Z" duration-ms="0" status="PASS">
          <reporter-output>
          </reporter-output>
        </test-method> <!-- posleSvakogTesta -->
        <test-method is-config="true" signature="posleSvakogTesta()[pri:0, instance:tests.EdificeTestAndroid@75437611]" started-at="2022-01-18T11:02:11Z" name="posleSvakogTesta" finished-at="2022-01-18T11:02:11Z" duration-ms="0" status="PASS">
          <reporter-output>
          </reporter-output>
        </test-method> <!-- posleSvakogTesta -->
        <test-method signature="Choose_a_sensor_Refresh()[pri:0, instance:tests.EdificeTestAndroid@75437611]" started-at="2022-01-18T11:02:11Z" name="Choose_a_sensor_Refresh" finished-at="2022-01-18T11:02:11Z" duration-ms="162" status="PASS">
          <reporter-output>
          </reporter-output>
        </test-method> <!-- Choose_a_sensor_Refresh -->
        <test-method signature="Device_Name()[pri:0, instance:tests.EdificeTestAndroid@75437611]" started-at="2022-01-18T11:02:11Z" name="Device_Name" finished-at="2022-01-18T11:04:05Z" duration-ms="114087" status="PASS">
          <reporter-output>
          </reporter-output>
        </test-method> <!-- Device_Name -->
        <test-method is-config="true" signature="posleSvakogTesta()[pri:0, instance:tests.EdificeTestAndroid@75437611]" started-at="2022-01-18T11:02:11Z" name="posleSvakogTesta" finished-at="2022-01-18T11:02:11Z" duration-ms="0" status="PASS">
          <reporter-output>
          </reporter-output>
        </test-method> <!-- posleSvakogTesta -->
        <test-method signature="Dialog_Connection_Cancel()[pri:0, instance:tests.EdificeTestAndroid@75437611]" started-at="2022-01-18T11:04:05Z" name="Dialog_Connection_Cancel" finished-at="2022-01-18T11:04:06Z" duration-ms="1000" status="PASS">
          <reporter-output>
          </reporter-output>
        </test-method> <!-- Dialog_Connection_Cancel -->
        <test-method is-config="true" signature="posleSvakogTesta()[pri:0, instance:tests.EdificeTestAndroid@75437611]" started-at="2022-01-18T11:04:05Z" name="posleSvakogTesta" finished-at="2022-01-18T11:04:05Z" duration-ms="0" status="PASS">
          <reporter-output>
          </reporter-output>
        </test-method> <!-- posleSvakogTesta -->
        <test-method signature="Connecting_to_a_sensor_failed()[pri:0, instance:tests.EdificeTestAndroid@75437611]" started-at="2022-01-18T11:04:06Z" name="Connecting_to_a_sensor_failed" finished-at="2022-01-18T11:06:19Z" duration-ms="132823" status="PASS">
          <reporter-output>
          </reporter-output>
        </test-method> <!-- Connecting_to_a_sensor_failed -->
        <test-method is-config="true" signature="posleSvakogTesta()[pri:0, instance:tests.EdificeTestAndroid@75437611]" started-at="2022-01-18T11:04:06Z" name="posleSvakogTesta" finished-at="2022-01-18T11:04:06Z" duration-ms="0" status="PASS">
          <reporter-output>
          </reporter-output>
        </test-method> <!-- posleSvakogTesta -->
        <test-method signature="Connecting_to_a_sensor_back()[pri:0, instance:tests.EdificeTestAndroid@75437611]" started-at="2022-01-18T11:06:19Z" name="Connecting_to_a_sensor_back" finished-at="2022-01-18T11:07:55Z" duration-ms="95892" status="PASS">
          <reporter-output>
          </reporter-output>
        </test-method> <!-- Connecting_to_a_sensor_back -->
        <test-method is-config="true" signature="posleSvakogTesta()[pri:0, instance:tests.EdificeTestAndroid@75437611]" started-at="2022-01-18T11:06:19Z" name="posleSvakogTesta" finished-at="2022-01-18T11:06:19Z" duration-ms="0" status="PASS">
          <reporter-output>
          </reporter-output>
        </test-method> <!-- posleSvakogTesta -->
        <test-method signature="Connecting_to_a_sensor_Success()[pri:0, instance:tests.EdificeTestAndroid@75437611]" started-at="2022-01-18T11:07:55Z" name="Connecting_to_a_sensor_Success" finished-at="2022-01-18T11:07:55Z" duration-ms="57" status="PASS">
          <reporter-output>
          </reporter-output>
        </test-method> <!-- Connecting_to_a_sensor_Success -->
        <test-method is-config="true" signature="posleSvakogTesta()[pri:0, instance:tests.EdificeTestAndroid@75437611]" started-at="2022-01-18T11:07:55Z" name="posleSvakogTesta" finished-at="2022-01-18T11:07:55Z" duration-ms="0" status="PASS">
          <reporter-output>
          </reporter-output>
        </test-method> <!-- posleSvakogTesta -->
        <test-method is-config="true" signature="posleSvakogTesta()[pri:0, instance:tests.EdificeTestAndroid@75437611]" started-at="2022-01-18T11:07:55Z" name="posleSvakogTesta" finished-at="2022-01-18T11:07:55Z" duration-ms="0" status="PASS">
          <reporter-output>
          </reporter-output>
        </test-method> <!-- posleSvakogTesta -->
        <test-method signature="Button_Quit_Screen_Select_Network()[pri:0, instance:tests.EdificeTestAndroid@75437611]" started-at="2022-01-18T11:07:55Z" name="Button_Quit_Screen_Select_Network" finished-at="2022-01-18T11:07:56Z" duration-ms="1733" status="PASS">
          <reporter-output>
          </reporter-output>
        </test-method> <!-- Button_Quit_Screen_Select_Network -->
        <test-method signature="Button_Quit_Screen_Select_Network_Cancel()[pri:0, instance:tests.EdificeTestAndroid@75437611]" started-at="2022-01-18T11:07:56Z" name="Button_Quit_Screen_Select_Network_Cancel" finished-at="2022-01-18T11:07:57Z" duration-ms="697" status="PASS">
          <reporter-output>
          </reporter-output>
        </test-method> <!-- Button_Quit_Screen_Select_Network_Cancel -->
        <test-method is-config="true" signature="posleSvakogTesta()[pri:0, instance:tests.EdificeTestAndroid@75437611]" started-at="2022-01-18T11:07:56Z" name="posleSvakogTesta" finished-at="2022-01-18T11:07:56Z" duration-ms="0" status="PASS">
          <reporter-output>
          </reporter-output>
        </test-method> <!-- posleSvakogTesta -->
        <test-method is-config="true" signature="posleSvakogTesta()[pri:0, instance:tests.EdificeTestAndroid@75437611]" started-at="2022-01-18T11:07:57Z" name="posleSvakogTesta" finished-at="2022-01-18T11:07:57Z" duration-ms="0" status="PASS">
          <reporter-output>
          </reporter-output>
        </test-method> <!-- posleSvakogTesta -->
        <test-method signature="Button_Quit_Screen_Select_Network_Quit()[pri:0, instance:tests.EdificeTestAndroid@75437611]" started-at="2022-01-18T11:07:57Z" name="Button_Quit_Screen_Select_Network_Quit" finished-at="2022-01-18T11:07:59Z" duration-ms="2108" status="PASS">
          <reporter-output>
          </reporter-output>
        </test-method> <!-- Button_Quit_Screen_Select_Network_Quit -->
        <test-method signature="Add_Network()[pri:0, instance:tests.EdificeTestAndroid@75437611]" started-at="2022-01-18T11:07:59Z" name="Add_Network" finished-at="2022-01-18T11:08:43Z" duration-ms="43257" status="PASS">
          <reporter-output>
          </reporter-output>
        </test-method> <!-- Add_Network -->
        <test-method is-config="true" signature="posleSvakogTesta()[pri:0, instance:tests.EdificeTestAndroid@75437611]" started-at="2022-01-18T11:07:59Z" name="posleSvakogTesta" finished-at="2022-01-18T11:07:59Z" duration-ms="0" status="PASS">
          <reporter-output>
          </reporter-output>
        </test-method> <!-- posleSvakogTesta -->
        <test-method is-config="true" signature="posleSvakogTesta()[pri:0, instance:tests.EdificeTestAndroid@75437611]" started-at="2022-01-18T11:08:43Z" name="posleSvakogTesta" finished-at="2022-01-18T11:08:43Z" duration-ms="0" status="PASS">
          <reporter-output>
          </reporter-output>
        </test-method> <!-- posleSvakogTesta -->
        <test-method signature="Add_Network_Cancel()[pri:0, instance:tests.EdificeTestAndroid@75437611]" started-at="2022-01-18T11:08:43Z" name="Add_Network_Cancel" finished-at="2022-01-18T11:08:43Z" duration-ms="736" status="PASS">
          <reporter-output>
          </reporter-output>
        </test-method> <!-- Add_Network_Cancel -->
        <test-method is-config="true" signature="posleSvakogTesta()[pri:0, instance:tests.EdificeTestAndroid@75437611]" started-at="2022-01-18T11:08:43Z" name="posleSvakogTesta" finished-at="2022-01-18T11:08:43Z" duration-ms="0" status="PASS">
          <reporter-output>
          </reporter-output>
        </test-method> <!-- posleSvakogTesta -->
        <test-method signature="Add_Network_Confirm()[pri:0, instance:tests.EdificeTestAndroid@75437611]" started-at="2022-01-18T11:08:43Z" name="Add_Network_Confirm" finished-at="2022-01-18T11:08:49Z" duration-ms="6221" status="PASS">
          <reporter-output>
          </reporter-output>
        </test-method> <!-- Add_Network_Confirm -->
        <test-method is-config="true" signature="posleSvakogTesta()[pri:0, instance:tests.EdificeTestAndroid@75437611]" started-at="2022-01-18T11:08:49Z" name="posleSvakogTesta" finished-at="2022-01-18T11:08:49Z" duration-ms="0" status="PASS">
          <reporter-output>
          </reporter-output>
        </test-method> <!-- posleSvakogTesta -->
        <test-method signature="Add_Network_AdvancedSettings_Proxy_None()[pri:0, instance:tests.EdificeTestAndroid@75437611]" started-at="2022-01-18T11:08:49Z" name="Add_Network_AdvancedSettings_Proxy_None" finished-at="2022-01-18T11:08:59Z" duration-ms="9563" status="PASS">
          <reporter-output>
          </reporter-output>
        </test-method> <!-- Add_Network_AdvancedSettings_Proxy_None -->
        <test-method is-config="true" signature="posleSvakogTesta()[pri:0, instance:tests.EdificeTestAndroid@75437611]" started-at="2022-01-18T11:08:59Z" name="posleSvakogTesta" finished-at="2022-01-18T11:08:59Z" duration-ms="0" status="PASS">
          <reporter-output>
          </reporter-output>
        </test-method> <!-- posleSvakogTesta -->
        <test-method signature="Add_Network_Advenced_Options()[pri:0, instance:tests.EdificeTestAndroid@75437611]" started-at="2022-01-18T11:08:59Z" name="Add_Network_Advenced_Options" finished-at="2022-01-18T11:09:21Z" duration-ms="21750" status="PASS">
          <reporter-output>
          </reporter-output>
        </test-method> <!-- Add_Network_Advenced_Options -->
        <test-method is-config="true" signature="posleSvakogTesta()[pri:0, instance:tests.EdificeTestAndroid@75437611]" started-at="2022-01-18T11:09:21Z" name="posleSvakogTesta" finished-at="2022-01-18T11:09:21Z" duration-ms="1" status="PASS">
          <reporter-output>
          </reporter-output>
        </test-method> <!-- posleSvakogTesta -->
        <test-method signature="Add_Network_AdvancedSettings_Proxy_Auto()[pri:0, instance:tests.EdificeTestAndroid@75437611]" started-at="2022-01-18T11:09:21Z" name="Add_Network_AdvancedSettings_Proxy_Auto" finished-at="2022-01-18T11:09:42Z" duration-ms="21024" status="PASS">
          <reporter-output>
          </reporter-output>
        </test-method> <!-- Add_Network_AdvancedSettings_Proxy_Auto -->
        <test-method signature="Add_Network_AdvancedSettings_IP_Static()[pri:0, instance:tests.EdificeTestAndroid@75437611]" started-at="2022-01-18T11:09:42Z" name="Add_Network_AdvancedSettings_IP_Static" finished-at="2022-01-18T11:09:47Z" duration-ms="5048" status="PASS">
          <reporter-output>
          </reporter-output>
        </test-method> <!-- Add_Network_AdvancedSettings_IP_Static -->
        <test-method is-config="true" signature="posleSvakogTesta()[pri:0, instance:tests.EdificeTestAndroid@75437611]" started-at="2022-01-18T11:09:42Z" name="posleSvakogTesta" finished-at="2022-01-18T11:09:42Z" duration-ms="0" status="PASS">
          <reporter-output>
          </reporter-output>
        </test-method> <!-- posleSvakogTesta -->
        <test-method signature="Add_Network_Security_WEP()[pri:0, instance:tests.EdificeTestAndroid@75437611]" started-at="2022-01-18T11:09:47Z" name="Add_Network_Security_WEP" finished-at="2022-01-18T11:09:56Z" duration-ms="8970" status="PASS">
          <reporter-output>
          </reporter-output>
        </test-method> <!-- Add_Network_Security_WEP -->
        <test-method is-config="true" signature="posleSvakogTesta()[pri:0, instance:tests.EdificeTestAndroid@75437611]" started-at="2022-01-18T11:09:47Z" name="posleSvakogTesta" finished-at="2022-01-18T11:09:47Z" duration-ms="0" status="PASS">
          <reporter-output>
          </reporter-output>
        </test-method> <!-- posleSvakogTesta -->
        <test-method signature="Add_Network_Security_WPA_WPA2()[pri:0, instance:tests.EdificeTestAndroid@75437611]" started-at="2022-01-18T11:09:56Z" name="Add_Network_Security_WPA_WPA2" finished-at="2022-01-18T11:11:59Z" duration-ms="123567" status="PASS">
          <reporter-output>
          </reporter-output>
        </test-method> <!-- Add_Network_Security_WPA_WPA2 -->
        <test-method is-config="true" signature="posleSvakogTesta()[pri:0, instance:tests.EdificeTestAndroid@75437611]" started-at="2022-01-18T11:09:56Z" name="posleSvakogTesta" finished-at="2022-01-18T11:09:56Z" duration-ms="0" status="PASS">
          <reporter-output>
          </reporter-output>
        </test-method> <!-- posleSvakogTesta -->
        <test-method is-config="true" signature="posleSvakogTesta()[pri:0, instance:tests.EdificeTestAndroid@75437611]" started-at="2022-01-18T11:11:59Z" name="posleSvakogTesta" finished-at="2022-01-18T11:11:59Z" duration-ms="0" status="PASS">
          <reporter-output>
          </reporter-output>
        </test-method> <!-- posleSvakogTesta -->
        <test-method signature="Add_Network_Secuirty_802_1x()[pri:0, instance:tests.EdificeTestAndroid@75437611]" started-at="2022-01-18T11:11:59Z" name="Add_Network_Secuirty_802_1x" finished-at="2022-01-18T11:12:23Z" duration-ms="23172" status="PASS">
          <reporter-output>
          </reporter-output>
        </test-method> <!-- Add_Network_Secuirty_802_1x -->
        <test-method is-config="true" signature="posleSvakogTesta()[pri:0, instance:tests.EdificeTestAndroid@75437611]" started-at="2022-01-18T11:12:23Z" name="posleSvakogTesta" finished-at="2022-01-18T11:12:23Z" duration-ms="1" status="PASS">
          <reporter-output>
          </reporter-output>
        </test-method> <!-- posleSvakogTesta -->
        <test-method signature="Add_Network_Secuirty_802_1x_PEAP()[pri:0, instance:tests.EdificeTestAndroid@75437611]" started-at="2022-01-18T11:12:23Z" name="Add_Network_Secuirty_802_1x_PEAP" finished-at="2022-01-18T11:12:33Z" duration-ms="10736" status="PASS">
          <reporter-output>
          </reporter-output>
        </test-method> <!-- Add_Network_Secuirty_802_1x_PEAP -->
        <test-method is-config="true" signature="posleSvakogTesta()[pri:0, instance:tests.EdificeTestAndroid@75437611]" started-at="2022-01-18T11:12:33Z" name="posleSvakogTesta" finished-at="2022-01-18T11:12:33Z" duration-ms="0" status="PASS">
          <reporter-output>
          </reporter-output>
        </test-method> <!-- posleSvakogTesta -->
        <test-method signature="Add_Network_Secuirty_802_1x_TLS()[pri:0, instance:tests.EdificeTestAndroid@75437611]" started-at="2022-01-18T11:12:33Z" name="Add_Network_Secuirty_802_1x_TLS" finished-at="2022-01-18T11:12:45Z" duration-ms="11893" status="PASS">
          <reporter-output>
          </reporter-output>
        </test-method> <!-- Add_Network_Secuirty_802_1x_TLS -->
        <test-method is-config="true" signature="posleSvakogTesta()[pri:0, instance:tests.EdificeTestAndroid@75437611]" started-at="2022-01-18T11:12:45Z" name="posleSvakogTesta" finished-at="2022-01-18T11:12:45Z" duration-ms="0" status="PASS">
          <reporter-output>
          </reporter-output>
        </test-method> <!-- posleSvakogTesta -->
        <test-method signature="Add_Network_Secuirty_802_1x_TTLS()[pri:0, instance:tests.EdificeTestAndroid@75437611]" started-at="2022-01-18T11:12:45Z" name="Add_Network_Secuirty_802_1x_TTLS" finished-at="2022-01-18T11:12:57Z" duration-ms="12192" status="PASS">
          <reporter-output>
          </reporter-output>
        </test-method> <!-- Add_Network_Secuirty_802_1x_TTLS -->
        <test-method is-config="true" signature="posleSvakogTesta()[pri:0, instance:tests.EdificeTestAndroid@75437611]" started-at="2022-01-18T11:12:57Z" name="posleSvakogTesta" finished-at="2022-01-18T11:12:57Z" duration-ms="0" status="PASS">
          <reporter-output>
          </reporter-output>
        </test-method> <!-- posleSvakogTesta -->
        <test-method signature="Add_Network_Secuirty_802_1x_FAST()[pri:0, instance:tests.EdificeTestAndroid@75437611]" started-at="2022-01-18T11:12:57Z" name="Add_Network_Secuirty_802_1x_FAST" finished-at="2022-01-18T11:13:09Z" duration-ms="11959" status="PASS">
          <reporter-output>
          </reporter-output>
        </test-method> <!-- Add_Network_Secuirty_802_1x_FAST -->
        <test-method is-config="true" signature="posleSvakogTesta()[pri:0, instance:tests.EdificeTestAndroid@75437611]" started-at="2022-01-18T11:13:09Z" name="posleSvakogTesta" finished-at="2022-01-18T11:13:09Z" duration-ms="1" status="PASS">
          <reporter-output>
          </reporter-output>
        </test-method> <!-- posleSvakogTesta -->
        <test-method signature="Add_Network_Secuirty_802_1x_PWD()[pri:0, instance:tests.EdificeTestAndroid@75437611]" started-at="2022-01-18T11:13:09Z" name="Add_Network_Secuirty_802_1x_PWD" finished-at="2022-01-18T11:13:22Z" duration-ms="12932" status="PASS">
          <reporter-output>
          </reporter-output>
        </test-method> <!-- Add_Network_Secuirty_802_1x_PWD -->
        <test-method signature="Choosing_another_network_networkList()[pri:0, instance:tests.EdificeTestAndroid@75437611]" started-at="2022-01-18T11:13:22Z" name="Choosing_another_network_networkList" finished-at="2022-01-18T11:14:25Z" duration-ms="62204" status="PASS">
          <reporter-output>
          </reporter-output>
        </test-method> <!-- Choosing_another_network_networkList -->
        <test-method is-config="true" signature="posleSvakogTesta()[pri:0, instance:tests.EdificeTestAndroid@75437611]" started-at="2022-01-18T11:13:22Z" name="posleSvakogTesta" finished-at="2022-01-18T11:13:22Z" duration-ms="0" status="PASS">
          <reporter-output>
          </reporter-output>
        </test-method> <!-- posleSvakogTesta -->
        <test-method is-config="true" signature="posleSvakogTesta()[pri:0, instance:tests.EdificeTestAndroid@75437611]" started-at="2022-01-18T11:14:25Z" name="posleSvakogTesta" finished-at="2022-01-18T11:14:25Z" duration-ms="0" status="PASS">
          <reporter-output>
          </reporter-output>
        </test-method> <!-- posleSvakogTesta -->
      </class> <!-- tests.EdificeTestAndroid -->
    </test> <!-- Default test -->
  </suite> <!-- Default suite -->
</testng-results>
